:dependencies

------------------------------------------------------------
Root project
------------------------------------------------------------

archives - Configuration for archive artifacts.
No dependencies

clientlib
No dependencies

clientlibCompile - Dependencies for source set 'clientlib'.
No dependencies

clientlibCompileClasspath - Compile classpath for source set 'clientlib'.
No dependencies

clientlibCompileOnly - Compile dependencies for source set 'clientlib'.
No dependencies

clientlibRuntime - Runtime dependencies for source set 'clientlib'.
No dependencies

compile - Dependencies for source set 'main'.
+--- se.transmode.gradle:gradle-docker:1.2
|    +--- com.google.guava:guava:17.0 -> 19.0
|    \--- com.github.docker-java:docker-java:0.9.0 -> 3.0.6
|         +--- com.fasterxml.jackson.jaxrs:jackson-jaxrs-json-provider:2.6.4
|         |    +--- com.fasterxml.jackson.jaxrs:jackson-jaxrs-base:2.6.4
|         |    |    +--- com.fasterxml.jackson.core:jackson-core:2.6.4 -> 2.8.0
|         |    |    \--- com.fasterxml.jackson.core:jackson-databind:2.6.4 -> 2.8.0
|         |    |         +--- com.fasterxml.jackson.core:jackson-annotations:2.8.0
|         |    |         \--- com.fasterxml.jackson.core:jackson-core:2.8.0
|         |    +--- com.fasterxml.jackson.core:jackson-core:2.6.4 -> 2.8.0
|         |    +--- com.fasterxml.jackson.core:jackson-databind:2.6.4 -> 2.8.0 (*)
|         |    \--- com.fasterxml.jackson.module:jackson-module-jaxb-annotations:2.6.4 -> 2.8.0
|         |         +--- com.fasterxml.jackson.core:jackson-core:2.8.0
|         |         +--- com.fasterxml.jackson.core:jackson-annotations:2.8.0
|         |         \--- com.fasterxml.jackson.core:jackson-databind:2.8.0 (*)
|         +--- org.glassfish.jersey.connectors:jersey-apache-connector:2.23.1
|         |    +--- org.apache.httpcomponents:httpclient:4.5 -> 4.5.2
|         |    |    +--- org.apache.httpcomponents:httpcore:4.4.4 -> 4.4.5
|         |    |    +--- commons-logging:commons-logging:1.2
|         |    |    \--- commons-codec:commons-codec:1.9 -> 1.10
|         |    +--- org.glassfish.jersey.core:jersey-common:2.23.1
|         |    |    +--- javax.ws.rs:javax.ws.rs-api:2.0.1
|         |    |    +--- javax.annotation:javax.annotation-api:1.2
|         |    |    +--- org.glassfish.jersey.bundles.repackaged:jersey-guava:2.23.1
|         |    |    +--- org.glassfish.hk2:hk2-api:2.4.0-b34
|         |    |    |    +--- javax.inject:javax.inject:1
|         |    |    |    +--- org.glassfish.hk2:hk2-utils:2.4.0-b34
|         |    |    |    |    \--- javax.inject:javax.inject:1
|         |    |    |    \--- org.glassfish.hk2.external:aopalliance-repackaged:2.4.0-b34
|         |    |    +--- org.glassfish.hk2.external:javax.inject:2.4.0-b34
|         |    |    +--- org.glassfish.hk2:hk2-locator:2.4.0-b34
|         |    |    |    +--- org.glassfish.hk2.external:javax.inject:2.4.0-b34
|         |    |    |    +--- org.glassfish.hk2.external:aopalliance-repackaged:2.4.0-b34
|         |    |    |    +--- org.glassfish.hk2:hk2-api:2.4.0-b34 (*)
|         |    |    |    +--- org.glassfish.hk2:hk2-utils:2.4.0-b34 (*)
|         |    |    |    \--- org.javassist:javassist:3.18.1-GA
|         |    |    \--- org.glassfish.hk2:osgi-resource-locator:1.0.1
|         |    +--- org.glassfish.jersey.core:jersey-client:2.23.1
|         |    |    +--- javax.ws.rs:javax.ws.rs-api:2.0.1
|         |    |    +--- org.glassfish.jersey.core:jersey-common:2.23.1 (*)
|         |    |    +--- org.glassfish.hk2:hk2-api:2.4.0-b34 (*)
|         |    |    +--- org.glassfish.hk2.external:javax.inject:2.4.0-b34
|         |    |    \--- org.glassfish.hk2:hk2-locator:2.4.0-b34 (*)
|         |    \--- javax.ws.rs:javax.ws.rs-api:2.0.1
|         +--- org.apache.httpcomponents:httpcore:4.4.5
|         +--- org.apache.httpcomponents:httpclient:4.5 -> 4.5.2 (*)
|         +--- org.glassfish.jersey.core:jersey-client:2.23.1 (*)
|         +--- com.kohlschutter.junixsocket:junixsocket-common:2.0.4
|         |    \--- log4j:log4j:1.2.17
|         +--- com.kohlschutter.junixsocket:junixsocket-native-common:2.0.4
|         |    +--- com.kohlschutter.junixsocket:junixsocket-common:2.0.4 (*)
|         |    +--- org.scijava:native-lib-loader:2.0.2
|         |    \--- log4j:log4j:1.2.17
|         +--- org.apache.commons:commons-compress:1.12
|         +--- commons-codec:commons-codec:1.10
|         +--- commons-lang:commons-lang:2.6
|         +--- commons-io:commons-io:2.5
|         +--- org.slf4j:slf4j-api:1.7.21
|         +--- org.slf4j:jcl-over-slf4j:1.7.21
|         |    \--- org.slf4j:slf4j-api:1.7.21
|         +--- com.google.guava:guava:19.0
|         +--- org.bouncycastle:bcpkix-jdk15on:1.54
|         |    \--- org.bouncycastle:bcprov-jdk15on:1.54
|         +--- io.netty:netty-codec-http:4.1.3.Final
|         |    \--- io.netty:netty-codec:4.1.3.Final
|         |         \--- io.netty:netty-transport:4.1.3.Final
|         |              +--- io.netty:netty-buffer:4.1.3.Final
|         |              |    \--- io.netty:netty-common:4.1.3.Final
|         |              \--- io.netty:netty-resolver:4.1.3.Final
|         |                   \--- io.netty:netty-common:4.1.3.Final
|         +--- io.netty:netty-handler:4.1.3.Final
|         |    +--- io.netty:netty-buffer:4.1.3.Final (*)
|         |    +--- io.netty:netty-transport:4.1.3.Final (*)
|         |    \--- io.netty:netty-codec:4.1.3.Final (*)
|         +--- io.netty:netty-handler-proxy:4.1.3.Final
|         |    +--- io.netty:netty-transport:4.1.3.Final (*)
|         |    +--- io.netty:netty-codec-socks:4.1.3.Final
|         |    |    \--- io.netty:netty-codec:4.1.3.Final (*)
|         |    \--- io.netty:netty-codec-http:4.1.3.Final (*)
|         \--- io.netty:netty-transport-native-epoll:4.1.3.Final
|              +--- io.netty:netty-common:4.1.3.Final
|              +--- io.netty:netty-buffer:4.1.3.Final (*)
|              \--- io.netty:netty-transport:4.1.3.Final (*)
+--- me.gking2224:BuildToolsGradlePlugin:0.2.+ -> 0.2.5
|    +--- com.jcraft:jsch:0.1.51 -> 0.1.53
|    +--- org.eclipse.jgit:org.eclipse.jgit:4.4.0.201606070830-r
|    |    +--- com.jcraft:jsch:0.1.53
|    |    +--- com.googlecode.javaewah:JavaEWAH:0.7.9
|    |    +--- org.apache.httpcomponents:httpclient:4.3.6 -> 4.5.2 (*)
|    |    \--- org.slf4j:slf4j-api:1.7.2 -> 1.7.21
|    +--- org.codehaus.groovy:groovy-templates:2.4.7
|    |    +--- org.codehaus.groovy:groovy-xml:2.4.7
|    |    |    \--- org.codehaus.groovy:groovy:2.4.7
|    |    \--- org.codehaus.groovy:groovy:2.4.7
|    +--- org.eclipse.jgit:org.eclipse.jgit.junit:4.4.0.201606070830-r
|    |    \--- org.eclipse.jgit:org.eclipse.jgit:4.4.0.201606070830-r (*)
|    \--- me.gking2224:gk-utils:0.0.4
|         +--- org.springframework:spring-context-support:4.3.1.RELEASE
|         |    +--- org.springframework:spring-beans:4.3.1.RELEASE
|         |    |    \--- org.springframework:spring-core:4.3.1.RELEASE
|         |    +--- org.springframework:spring-context:4.3.1.RELEASE
|         |    |    +--- org.springframework:spring-aop:4.3.1.RELEASE
|         |    |    |    +--- org.springframework:spring-beans:4.3.1.RELEASE (*)
|         |    |    |    \--- org.springframework:spring-core:4.3.1.RELEASE
|         |    |    +--- org.springframework:spring-beans:4.3.1.RELEASE (*)
|         |    |    +--- org.springframework:spring-core:4.3.1.RELEASE
|         |    |    \--- org.springframework:spring-expression:4.3.1.RELEASE
|         |    |         \--- org.springframework:spring-core:4.3.1.RELEASE
|         |    \--- org.springframework:spring-core:4.3.1.RELEASE
|         +--- org.springframework:spring-web:4.3.1.RELEASE
|         |    +--- org.springframework:spring-aop:4.3.1.RELEASE (*)
|         |    +--- org.springframework:spring-beans:4.3.1.RELEASE (*)
|         |    +--- org.springframework:spring-context:4.3.1.RELEASE (*)
|         |    \--- org.springframework:spring-core:4.3.1.RELEASE
|         +--- javax.servlet:javax.servlet-api:3.1.0
|         +--- com.fasterxml.jackson.core:jackson-databind:2.8.0 (*)
|         +--- com.fasterxml.jackson.dataformat:jackson-dataformat-xml:2.8.0
|         |    +--- com.fasterxml.jackson.core:jackson-core:2.8.0
|         |    +--- com.fasterxml.jackson.core:jackson-annotations:2.8.0
|         |    +--- com.fasterxml.jackson.core:jackson-databind:2.8.0 (*)
|         |    +--- com.fasterxml.jackson.module:jackson-module-jaxb-annotations:2.8.0 (*)
|         |    +--- org.codehaus.woodstox:stax2-api:3.1.4
|         |    \--- com.fasterxml.woodstox:woodstox-core:5.0.2
|         |         \--- org.codehaus.woodstox:stax2-api:3.1.4
|         +--- com.jayway.jsonpath:json-path:2.2.0
|         |    +--- net.minidev:json-smart:2.2.1
|         |    |    \--- net.minidev:accessors-smart:1.1
|         |    |         \--- org.ow2.asm:asm:5.0.3
|         |    \--- org.slf4j:slf4j-api:1.7.16 -> 1.7.21
|         +--- commons-lang:commons-lang:2.4 -> 2.6
|         +--- commons-io:commons-io:2.5
|         +--- commons-beanutils:commons-beanutils:1.9.3
|         |    \--- commons-collections:commons-collections:3.2.2
|         +--- junit:junit:4.12
|         |    \--- org.hamcrest:hamcrest-core:1.3
|         +--- org.springframework:spring-test:4.3.1.RELEASE
|         |    \--- org.springframework:spring-core:4.3.1.RELEASE
|         \--- org.slf4j:slf4j-api:1.7.21
+--- me.gking2224:AmazonAWSGradlePlugin:0.1.+ -> 0.1.9
|    +--- com.amazonaws:aws-java-sdk-ec2:1.11.48
|    |    +--- com.amazonaws:aws-java-sdk-core:1.11.48
|    |    |    +--- commons-logging:commons-logging:1.1.3 -> 1.2
|    |    |    +--- org.apache.httpcomponents:httpclient:4.5.2 (*)
|    |    |    +--- software.amazon.ion:ion-java:1.0.1
|    |    |    +--- com.fasterxml.jackson.core:jackson-databind:2.6.6 -> 2.8.0 (*)
|    |    |    +--- com.fasterxml.jackson.dataformat:jackson-dataformat-cbor:2.6.6
|    |    |    |    \--- com.fasterxml.jackson.core:jackson-core:2.6.6 -> 2.8.0
|    |    |    \--- joda-time:joda-time:2.8.1
|    |    \--- com.amazonaws:jmespath-java:1.0
|    |         \--- com.fasterxml.jackson.core:jackson-databind:2.6.6 -> 2.8.0 (*)
|    +--- com.amazonaws:aws-java-sdk-iam:1.11.48
|    |    +--- com.amazonaws:aws-java-sdk-core:1.11.48 (*)
|    |    \--- com.amazonaws:jmespath-java:1.0 (*)
|    +--- com.amazonaws:aws-java-sdk-ecs:1.11.48
|    |    +--- com.amazonaws:aws-java-sdk-core:1.11.48 (*)
|    |    \--- com.amazonaws:jmespath-java:1.0 (*)
|    +--- com.amazonaws:aws-java-sdk-ecr:1.11.48
|    |    +--- com.amazonaws:aws-java-sdk-core:1.11.48 (*)
|    |    \--- com.amazonaws:jmespath-java:1.0 (*)
|    \--- com.amazonaws:aws-java-sdk-elasticloadbalancing:1.11.48
|         +--- com.amazonaws:aws-java-sdk-core:1.11.48 (*)
|         \--- com.amazonaws:jmespath-java:1.0 (*)
+--- me.gking2224:DockerPlugin:0.0.+ -> 0.0.2
|    \--- com.github.docker-java:docker-java:3.0.6 (*)
\--- com.github.docker-java:docker-java:3.0.6 (*)

compileClasspath - Compile classpath for source set 'main'.
+--- se.transmode.gradle:gradle-docker:1.2
|    +--- com.google.guava:guava:17.0 -> 19.0
|    \--- com.github.docker-java:docker-java:0.9.0 -> 3.0.6
|         +--- com.fasterxml.jackson.jaxrs:jackson-jaxrs-json-provider:2.6.4
|         |    +--- com.fasterxml.jackson.jaxrs:jackson-jaxrs-base:2.6.4
|         |    |    +--- com.fasterxml.jackson.core:jackson-core:2.6.4 -> 2.8.0
|         |    |    \--- com.fasterxml.jackson.core:jackson-databind:2.6.4 -> 2.8.0
|         |    |         +--- com.fasterxml.jackson.core:jackson-annotations:2.8.0
|         |    |         \--- com.fasterxml.jackson.core:jackson-core:2.8.0
|         |    +--- com.fasterxml.jackson.core:jackson-core:2.6.4 -> 2.8.0
|         |    +--- com.fasterxml.jackson.core:jackson-databind:2.6.4 -> 2.8.0 (*)
|         |    \--- com.fasterxml.jackson.module:jackson-module-jaxb-annotations:2.6.4 -> 2.8.0
|         |         +--- com.fasterxml.jackson.core:jackson-core:2.8.0
|         |         +--- com.fasterxml.jackson.core:jackson-annotations:2.8.0
|         |         \--- com.fasterxml.jackson.core:jackson-databind:2.8.0 (*)
|         +--- org.glassfish.jersey.connectors:jersey-apache-connector:2.23.1
|         |    +--- org.apache.httpcomponents:httpclient:4.5 -> 4.5.2
|         |    |    +--- org.apache.httpcomponents:httpcore:4.4.4 -> 4.4.5
|         |    |    +--- commons-logging:commons-logging:1.2
|         |    |    \--- commons-codec:commons-codec:1.9 -> 1.10
|         |    +--- org.glassfish.jersey.core:jersey-common:2.23.1
|         |    |    +--- javax.ws.rs:javax.ws.rs-api:2.0.1
|         |    |    +--- javax.annotation:javax.annotation-api:1.2
|         |    |    +--- org.glassfish.jersey.bundles.repackaged:jersey-guava:2.23.1
|         |    |    +--- org.glassfish.hk2:hk2-api:2.4.0-b34
|         |    |    |    +--- javax.inject:javax.inject:1
|         |    |    |    +--- org.glassfish.hk2:hk2-utils:2.4.0-b34
|         |    |    |    |    \--- javax.inject:javax.inject:1
|         |    |    |    \--- org.glassfish.hk2.external:aopalliance-repackaged:2.4.0-b34
|         |    |    +--- org.glassfish.hk2.external:javax.inject:2.4.0-b34
|         |    |    +--- org.glassfish.hk2:hk2-locator:2.4.0-b34
|         |    |    |    +--- org.glassfish.hk2.external:javax.inject:2.4.0-b34
|         |    |    |    +--- org.glassfish.hk2.external:aopalliance-repackaged:2.4.0-b34
|         |    |    |    +--- org.glassfish.hk2:hk2-api:2.4.0-b34 (*)
|         |    |    |    +--- org.glassfish.hk2:hk2-utils:2.4.0-b34 (*)
|         |    |    |    \--- org.javassist:javassist:3.18.1-GA
|         |    |    \--- org.glassfish.hk2:osgi-resource-locator:1.0.1
|         |    +--- org.glassfish.jersey.core:jersey-client:2.23.1
|         |    |    +--- javax.ws.rs:javax.ws.rs-api:2.0.1
|         |    |    +--- org.glassfish.jersey.core:jersey-common:2.23.1 (*)
|         |    |    +--- org.glassfish.hk2:hk2-api:2.4.0-b34 (*)
|         |    |    +--- org.glassfish.hk2.external:javax.inject:2.4.0-b34
|         |    |    \--- org.glassfish.hk2:hk2-locator:2.4.0-b34 (*)
|         |    \--- javax.ws.rs:javax.ws.rs-api:2.0.1
|         +--- org.apache.httpcomponents:httpcore:4.4.5
|         +--- org.apache.httpcomponents:httpclient:4.5 -> 4.5.2 (*)
|         +--- org.glassfish.jersey.core:jersey-client:2.23.1 (*)
|         +--- com.kohlschutter.junixsocket:junixsocket-common:2.0.4
|         |    \--- log4j:log4j:1.2.17
|         +--- com.kohlschutter.junixsocket:junixsocket-native-common:2.0.4
|         |    +--- com.kohlschutter.junixsocket:junixsocket-common:2.0.4 (*)
|         |    +--- org.scijava:native-lib-loader:2.0.2
|         |    \--- log4j:log4j:1.2.17
|         +--- org.apache.commons:commons-compress:1.12
|         +--- commons-codec:commons-codec:1.10
|         +--- commons-lang:commons-lang:2.6
|         +--- commons-io:commons-io:2.5
|         +--- org.slf4j:slf4j-api:1.7.21
|         +--- org.slf4j:jcl-over-slf4j:1.7.21
|         |    \--- org.slf4j:slf4j-api:1.7.21
|         +--- com.google.guava:guava:19.0
|         +--- org.bouncycastle:bcpkix-jdk15on:1.54
|         |    \--- org.bouncycastle:bcprov-jdk15on:1.54
|         +--- io.netty:netty-codec-http:4.1.3.Final
|         |    \--- io.netty:netty-codec:4.1.3.Final
|         |         \--- io.netty:netty-transport:4.1.3.Final
|         |              +--- io.netty:netty-buffer:4.1.3.Final
|         |              |    \--- io.netty:netty-common:4.1.3.Final
|         |              \--- io.netty:netty-resolver:4.1.3.Final
|         |                   \--- io.netty:netty-common:4.1.3.Final
|         +--- io.netty:netty-handler:4.1.3.Final
|         |    +--- io.netty:netty-buffer:4.1.3.Final (*)
|         |    +--- io.netty:netty-transport:4.1.3.Final (*)
|         |    \--- io.netty:netty-codec:4.1.3.Final (*)
|         +--- io.netty:netty-handler-proxy:4.1.3.Final
|         |    +--- io.netty:netty-transport:4.1.3.Final (*)
|         |    +--- io.netty:netty-codec-socks:4.1.3.Final
|         |    |    \--- io.netty:netty-codec:4.1.3.Final (*)
|         |    \--- io.netty:netty-codec-http:4.1.3.Final (*)
|         \--- io.netty:netty-transport-native-epoll:4.1.3.Final
|              +--- io.netty:netty-common:4.1.3.Final
|              +--- io.netty:netty-buffer:4.1.3.Final (*)
|              \--- io.netty:netty-transport:4.1.3.Final (*)
+--- me.gking2224:BuildToolsGradlePlugin:0.2.+ -> 0.2.5
|    +--- com.jcraft:jsch:0.1.51 -> 0.1.53
|    +--- org.eclipse.jgit:org.eclipse.jgit:4.4.0.201606070830-r
|    |    +--- com.jcraft:jsch:0.1.53
|    |    +--- com.googlecode.javaewah:JavaEWAH:0.7.9
|    |    +--- org.apache.httpcomponents:httpclient:4.3.6 -> 4.5.2 (*)
|    |    \--- org.slf4j:slf4j-api:1.7.2 -> 1.7.21
|    +--- org.codehaus.groovy:groovy-templates:2.4.7
|    |    +--- org.codehaus.groovy:groovy-xml:2.4.7
|    |    |    \--- org.codehaus.groovy:groovy:2.4.7
|    |    \--- org.codehaus.groovy:groovy:2.4.7
|    +--- org.eclipse.jgit:org.eclipse.jgit.junit:4.4.0.201606070830-r
|    |    \--- org.eclipse.jgit:org.eclipse.jgit:4.4.0.201606070830-r (*)
|    \--- me.gking2224:gk-utils:0.0.4
|         +--- org.springframework:spring-context-support:4.3.1.RELEASE
|         |    +--- org.springframework:spring-beans:4.3.1.RELEASE
|         |    |    \--- org.springframework:spring-core:4.3.1.RELEASE
|         |    +--- org.springframework:spring-context:4.3.1.RELEASE
|         |    |    +--- org.springframework:spring-aop:4.3.1.RELEASE
|         |    |    |    +--- org.springframework:spring-beans:4.3.1.RELEASE (*)
|         |    |    |    \--- org.springframework:spring-core:4.3.1.RELEASE
|         |    |    +--- org.springframework:spring-beans:4.3.1.RELEASE (*)
|         |    |    +--- org.springframework:spring-core:4.3.1.RELEASE
|         |    |    \--- org.springframework:spring-expression:4.3.1.RELEASE
|         |    |         \--- org.springframework:spring-core:4.3.1.RELEASE
|         |    \--- org.springframework:spring-core:4.3.1.RELEASE
|         +--- org.springframework:spring-web:4.3.1.RELEASE
|         |    +--- org.springframework:spring-aop:4.3.1.RELEASE (*)
|         |    +--- org.springframework:spring-beans:4.3.1.RELEASE (*)
|         |    +--- org.springframework:spring-context:4.3.1.RELEASE (*)
|         |    \--- org.springframework:spring-core:4.3.1.RELEASE
|         +--- javax.servlet:javax.servlet-api:3.1.0
|         +--- com.fasterxml.jackson.core:jackson-databind:2.8.0 (*)
|         +--- com.fasterxml.jackson.dataformat:jackson-dataformat-xml:2.8.0
|         |    +--- com.fasterxml.jackson.core:jackson-core:2.8.0
|         |    +--- com.fasterxml.jackson.core:jackson-annotations:2.8.0
|         |    +--- com.fasterxml.jackson.core:jackson-databind:2.8.0 (*)
|         |    +--- com.fasterxml.jackson.module:jackson-module-jaxb-annotations:2.8.0 (*)
|         |    +--- org.codehaus.woodstox:stax2-api:3.1.4
|         |    \--- com.fasterxml.woodstox:woodstox-core:5.0.2
|         |         \--- org.codehaus.woodstox:stax2-api:3.1.4
|         +--- com.jayway.jsonpath:json-path:2.2.0
|         |    +--- net.minidev:json-smart:2.2.1
|         |    |    \--- net.minidev:accessors-smart:1.1
|         |    |         \--- org.ow2.asm:asm:5.0.3
|         |    \--- org.slf4j:slf4j-api:1.7.16 -> 1.7.21
|         +--- commons-lang:commons-lang:2.4 -> 2.6
|         +--- commons-io:commons-io:2.5
|         +--- commons-beanutils:commons-beanutils:1.9.3
|         |    \--- commons-collections:commons-collections:3.2.2
|         +--- junit:junit:4.12
|         |    \--- org.hamcrest:hamcrest-core:1.3
|         +--- org.springframework:spring-test:4.3.1.RELEASE
|         |    \--- org.springframework:spring-core:4.3.1.RELEASE
|         \--- org.slf4j:slf4j-api:1.7.21
+--- me.gking2224:AmazonAWSGradlePlugin:0.1.+ -> 0.1.9
|    +--- com.amazonaws:aws-java-sdk-ec2:1.11.48
|    |    +--- com.amazonaws:aws-java-sdk-core:1.11.48
|    |    |    +--- commons-logging:commons-logging:1.1.3 -> 1.2
|    |    |    +--- org.apache.httpcomponents:httpclient:4.5.2 (*)
|    |    |    +--- software.amazon.ion:ion-java:1.0.1
|    |    |    +--- com.fasterxml.jackson.core:jackson-databind:2.6.6 -> 2.8.0 (*)
|    |    |    +--- com.fasterxml.jackson.dataformat:jackson-dataformat-cbor:2.6.6
|    |    |    |    \--- com.fasterxml.jackson.core:jackson-core:2.6.6 -> 2.8.0
|    |    |    \--- joda-time:joda-time:2.8.1
|    |    \--- com.amazonaws:jmespath-java:1.0
|    |         \--- com.fasterxml.jackson.core:jackson-databind:2.6.6 -> 2.8.0 (*)
|    +--- com.amazonaws:aws-java-sdk-iam:1.11.48
|    |    +--- com.amazonaws:aws-java-sdk-core:1.11.48 (*)
|    |    \--- com.amazonaws:jmespath-java:1.0 (*)
|    +--- com.amazonaws:aws-java-sdk-ecs:1.11.48
|    |    +--- com.amazonaws:aws-java-sdk-core:1.11.48 (*)
|    |    \--- com.amazonaws:jmespath-java:1.0 (*)
|    +--- com.amazonaws:aws-java-sdk-ecr:1.11.48
|    |    +--- com.amazonaws:aws-java-sdk-core:1.11.48 (*)
|    |    \--- com.amazonaws:jmespath-java:1.0 (*)
|    \--- com.amazonaws:aws-java-sdk-elasticloadbalancing:1.11.48
|         +--- com.amazonaws:aws-java-sdk-core:1.11.48 (*)
|         \--- com.amazonaws:jmespath-java:1.0 (*)
+--- me.gking2224:DockerPlugin:0.0.+ -> 0.0.2
|    \--- com.github.docker-java:docker-java:3.0.6 (*)
\--- com.github.docker-java:docker-java:3.0.6 (*)

compileOnly - Compile dependencies for source set 'main'.
+--- se.transmode.gradle:gradle-docker:1.2
|    +--- com.google.guava:guava:17.0 -> 19.0
|    \--- com.github.docker-java:docker-java:0.9.0 -> 3.0.6
|         +--- com.fasterxml.jackson.jaxrs:jackson-jaxrs-json-provider:2.6.4
|         |    +--- com.fasterxml.jackson.jaxrs:jackson-jaxrs-base:2.6.4
|         |    |    +--- com.fasterxml.jackson.core:jackson-core:2.6.4 -> 2.8.0
|         |    |    \--- com.fasterxml.jackson.core:jackson-databind:2.6.4 -> 2.8.0
|         |    |         +--- com.fasterxml.jackson.core:jackson-annotations:2.8.0
|         |    |         \--- com.fasterxml.jackson.core:jackson-core:2.8.0
|         |    +--- com.fasterxml.jackson.core:jackson-core:2.6.4 -> 2.8.0
|         |    +--- com.fasterxml.jackson.core:jackson-databind:2.6.4 -> 2.8.0 (*)
|         |    \--- com.fasterxml.jackson.module:jackson-module-jaxb-annotations:2.6.4 -> 2.8.0
|         |         +--- com.fasterxml.jackson.core:jackson-core:2.8.0
|         |         +--- com.fasterxml.jackson.core:jackson-annotations:2.8.0
|         |         \--- com.fasterxml.jackson.core:jackson-databind:2.8.0 (*)
|         +--- org.glassfish.jersey.connectors:jersey-apache-connector:2.23.1
|         |    +--- org.apache.httpcomponents:httpclient:4.5 -> 4.5.2
|         |    |    +--- org.apache.httpcomponents:httpcore:4.4.4 -> 4.4.5
|         |    |    +--- commons-logging:commons-logging:1.2
|         |    |    \--- commons-codec:commons-codec:1.9 -> 1.10
|         |    +--- org.glassfish.jersey.core:jersey-common:2.23.1
|         |    |    +--- javax.ws.rs:javax.ws.rs-api:2.0.1
|         |    |    +--- javax.annotation:javax.annotation-api:1.2
|         |    |    +--- org.glassfish.jersey.bundles.repackaged:jersey-guava:2.23.1
|         |    |    +--- org.glassfish.hk2:hk2-api:2.4.0-b34
|         |    |    |    +--- javax.inject:javax.inject:1
|         |    |    |    +--- org.glassfish.hk2:hk2-utils:2.4.0-b34
|         |    |    |    |    \--- javax.inject:javax.inject:1
|         |    |    |    \--- org.glassfish.hk2.external:aopalliance-repackaged:2.4.0-b34
|         |    |    +--- org.glassfish.hk2.external:javax.inject:2.4.0-b34
|         |    |    +--- org.glassfish.hk2:hk2-locator:2.4.0-b34
|         |    |    |    +--- org.glassfish.hk2.external:javax.inject:2.4.0-b34
|         |    |    |    +--- org.glassfish.hk2.external:aopalliance-repackaged:2.4.0-b34
|         |    |    |    +--- org.glassfish.hk2:hk2-api:2.4.0-b34 (*)
|         |    |    |    +--- org.glassfish.hk2:hk2-utils:2.4.0-b34 (*)
|         |    |    |    \--- org.javassist:javassist:3.18.1-GA
|         |    |    \--- org.glassfish.hk2:osgi-resource-locator:1.0.1
|         |    +--- org.glassfish.jersey.core:jersey-client:2.23.1
|         |    |    +--- javax.ws.rs:javax.ws.rs-api:2.0.1
|         |    |    +--- org.glassfish.jersey.core:jersey-common:2.23.1 (*)
|         |    |    +--- org.glassfish.hk2:hk2-api:2.4.0-b34 (*)
|         |    |    +--- org.glassfish.hk2.external:javax.inject:2.4.0-b34
|         |    |    \--- org.glassfish.hk2:hk2-locator:2.4.0-b34 (*)
|         |    \--- javax.ws.rs:javax.ws.rs-api:2.0.1
|         +--- org.apache.httpcomponents:httpcore:4.4.5
|         +--- org.apache.httpcomponents:httpclient:4.5 -> 4.5.2 (*)
|         +--- org.glassfish.jersey.core:jersey-client:2.23.1 (*)
|         +--- com.kohlschutter.junixsocket:junixsocket-common:2.0.4
|         |    \--- log4j:log4j:1.2.17
|         +--- com.kohlschutter.junixsocket:junixsocket-native-common:2.0.4
|         |    +--- com.kohlschutter.junixsocket:junixsocket-common:2.0.4 (*)
|         |    +--- org.scijava:native-lib-loader:2.0.2
|         |    \--- log4j:log4j:1.2.17
|         +--- org.apache.commons:commons-compress:1.12
|         +--- commons-codec:commons-codec:1.10
|         +--- commons-lang:commons-lang:2.6
|         +--- commons-io:commons-io:2.5
|         +--- org.slf4j:slf4j-api:1.7.21
|         +--- org.slf4j:jcl-over-slf4j:1.7.21
|         |    \--- org.slf4j:slf4j-api:1.7.21
|         +--- com.google.guava:guava:19.0
|         +--- org.bouncycastle:bcpkix-jdk15on:1.54
|         |    \--- org.bouncycastle:bcprov-jdk15on:1.54
|         +--- io.netty:netty-codec-http:4.1.3.Final
|         |    \--- io.netty:netty-codec:4.1.3.Final
|         |         \--- io.netty:netty-transport:4.1.3.Final
|         |              +--- io.netty:netty-buffer:4.1.3.Final
|         |              |    \--- io.netty:netty-common:4.1.3.Final
|         |              \--- io.netty:netty-resolver:4.1.3.Final
|         |                   \--- io.netty:netty-common:4.1.3.Final
|         +--- io.netty:netty-handler:4.1.3.Final
|         |    +--- io.netty:netty-buffer:4.1.3.Final (*)
|         |    +--- io.netty:netty-transport:4.1.3.Final (*)
|         |    \--- io.netty:netty-codec:4.1.3.Final (*)
|         +--- io.netty:netty-handler-proxy:4.1.3.Final
|         |    +--- io.netty:netty-transport:4.1.3.Final (*)
|         |    +--- io.netty:netty-codec-socks:4.1.3.Final
|         |    |    \--- io.netty:netty-codec:4.1.3.Final (*)
|         |    \--- io.netty:netty-codec-http:4.1.3.Final (*)
|         \--- io.netty:netty-transport-native-epoll:4.1.3.Final
|              +--- io.netty:netty-common:4.1.3.Final
|              +--- io.netty:netty-buffer:4.1.3.Final (*)
|              \--- io.netty:netty-transport:4.1.3.Final (*)
+--- me.gking2224:BuildToolsGradlePlugin:0.2.+ -> 0.2.5
|    +--- com.jcraft:jsch:0.1.51 -> 0.1.53
|    +--- org.eclipse.jgit:org.eclipse.jgit:4.4.0.201606070830-r
|    |    +--- com.jcraft:jsch:0.1.53
|    |    +--- com.googlecode.javaewah:JavaEWAH:0.7.9
|    |    +--- org.apache.httpcomponents:httpclient:4.3.6 -> 4.5.2 (*)
|    |    \--- org.slf4j:slf4j-api:1.7.2 -> 1.7.21
|    +--- org.codehaus.groovy:groovy-templates:2.4.7
|    |    +--- org.codehaus.groovy:groovy-xml:2.4.7
|    |    |    \--- org.codehaus.groovy:groovy:2.4.7
|    |    \--- org.codehaus.groovy:groovy:2.4.7
|    +--- org.eclipse.jgit:org.eclipse.jgit.junit:4.4.0.201606070830-r
|    |    \--- org.eclipse.jgit:org.eclipse.jgit:4.4.0.201606070830-r (*)
|    \--- me.gking2224:gk-utils:0.0.4
|         +--- org.springframework:spring-context-support:4.3.1.RELEASE
|         |    +--- org.springframework:spring-beans:4.3.1.RELEASE
|         |    |    \--- org.springframework:spring-core:4.3.1.RELEASE
|         |    +--- org.springframework:spring-context:4.3.1.RELEASE
|         |    |    +--- org.springframework:spring-aop:4.3.1.RELEASE
|         |    |    |    +--- org.springframework:spring-beans:4.3.1.RELEASE (*)
|         |    |    |    \--- org.springframework:spring-core:4.3.1.RELEASE
|         |    |    +--- org.springframework:spring-beans:4.3.1.RELEASE (*)
|         |    |    +--- org.springframework:spring-core:4.3.1.RELEASE
|         |    |    \--- org.springframework:spring-expression:4.3.1.RELEASE
|         |    |         \--- org.springframework:spring-core:4.3.1.RELEASE
|         |    \--- org.springframework:spring-core:4.3.1.RELEASE
|         +--- org.springframework:spring-web:4.3.1.RELEASE
|         |    +--- org.springframework:spring-aop:4.3.1.RELEASE (*)
|         |    +--- org.springframework:spring-beans:4.3.1.RELEASE (*)
|         |    +--- org.springframework:spring-context:4.3.1.RELEASE (*)
|         |    \--- org.springframework:spring-core:4.3.1.RELEASE
|         +--- javax.servlet:javax.servlet-api:3.1.0
|         +--- com.fasterxml.jackson.core:jackson-databind:2.8.0 (*)
|         +--- com.fasterxml.jackson.dataformat:jackson-dataformat-xml:2.8.0
|         |    +--- com.fasterxml.jackson.core:jackson-core:2.8.0
|         |    +--- com.fasterxml.jackson.core:jackson-annotations:2.8.0
|         |    +--- com.fasterxml.jackson.core:jackson-databind:2.8.0 (*)
|         |    +--- com.fasterxml.jackson.module:jackson-module-jaxb-annotations:2.8.0 (*)
|         |    +--- org.codehaus.woodstox:stax2-api:3.1.4
|         |    \--- com.fasterxml.woodstox:woodstox-core:5.0.2
|         |         \--- org.codehaus.woodstox:stax2-api:3.1.4
|         +--- com.jayway.jsonpath:json-path:2.2.0
|         |    +--- net.minidev:json-smart:2.2.1
|         |    |    \--- net.minidev:accessors-smart:1.1
|         |    |         \--- org.ow2.asm:asm:5.0.3
|         |    \--- org.slf4j:slf4j-api:1.7.16 -> 1.7.21
|         +--- commons-lang:commons-lang:2.4 -> 2.6
|         +--- commons-io:commons-io:2.5
|         +--- commons-beanutils:commons-beanutils:1.9.3
|         |    \--- commons-collections:commons-collections:3.2.2
|         +--- junit:junit:4.12
|         |    \--- org.hamcrest:hamcrest-core:1.3
|         +--- org.springframework:spring-test:4.3.1.RELEASE
|         |    \--- org.springframework:spring-core:4.3.1.RELEASE
|         \--- org.slf4j:slf4j-api:1.7.21
+--- me.gking2224:AmazonAWSGradlePlugin:0.1.+ -> 0.1.9
|    +--- com.amazonaws:aws-java-sdk-ec2:1.11.48
|    |    +--- com.amazonaws:aws-java-sdk-core:1.11.48
|    |    |    +--- commons-logging:commons-logging:1.1.3 -> 1.2
|    |    |    +--- org.apache.httpcomponents:httpclient:4.5.2 (*)
|    |    |    +--- software.amazon.ion:ion-java:1.0.1
|    |    |    +--- com.fasterxml.jackson.core:jackson-databind:2.6.6 -> 2.8.0 (*)
|    |    |    +--- com.fasterxml.jackson.dataformat:jackson-dataformat-cbor:2.6.6
|    |    |    |    \--- com.fasterxml.jackson.core:jackson-core:2.6.6 -> 2.8.0
|    |    |    \--- joda-time:joda-time:2.8.1
|    |    \--- com.amazonaws:jmespath-java:1.0
|    |         \--- com.fasterxml.jackson.core:jackson-databind:2.6.6 -> 2.8.0 (*)
|    +--- com.amazonaws:aws-java-sdk-iam:1.11.48
|    |    +--- com.amazonaws:aws-java-sdk-core:1.11.48 (*)
|    |    \--- com.amazonaws:jmespath-java:1.0 (*)
|    +--- com.amazonaws:aws-java-sdk-ecs:1.11.48
|    |    +--- com.amazonaws:aws-java-sdk-core:1.11.48 (*)
|    |    \--- com.amazonaws:jmespath-java:1.0 (*)
|    +--- com.amazonaws:aws-java-sdk-ecr:1.11.48
|    |    +--- com.amazonaws:aws-java-sdk-core:1.11.48 (*)
|    |    \--- com.amazonaws:jmespath-java:1.0 (*)
|    \--- com.amazonaws:aws-java-sdk-elasticloadbalancing:1.11.48
|         +--- com.amazonaws:aws-java-sdk-core:1.11.48 (*)
|         \--- com.amazonaws:jmespath-java:1.0 (*)
+--- me.gking2224:DockerPlugin:0.0.+ -> 0.0.2
|    \--- com.github.docker-java:docker-java:3.0.6 (*)
\--- com.github.docker-java:docker-java:3.0.6 (*)

default - Configuration for default artifacts.
+--- se.transmode.gradle:gradle-docker:1.2
|    +--- com.google.guava:guava:17.0 -> 19.0
|    \--- com.github.docker-java:docker-java:0.9.0 -> 3.0.6
|         +--- com.fasterxml.jackson.jaxrs:jackson-jaxrs-json-provider:2.6.4
|         |    +--- com.fasterxml.jackson.jaxrs:jackson-jaxrs-base:2.6.4
|         |    |    +--- com.fasterxml.jackson.core:jackson-core:2.6.4 -> 2.8.0
|         |    |    \--- com.fasterxml.jackson.core:jackson-databind:2.6.4 -> 2.8.0
|         |    |         +--- com.fasterxml.jackson.core:jackson-annotations:2.8.0
|         |    |         \--- com.fasterxml.jackson.core:jackson-core:2.8.0
|         |    +--- com.fasterxml.jackson.core:jackson-core:2.6.4 -> 2.8.0
|         |    +--- com.fasterxml.jackson.core:jackson-databind:2.6.4 -> 2.8.0 (*)
|         |    \--- com.fasterxml.jackson.module:jackson-module-jaxb-annotations:2.6.4 -> 2.8.0
|         |         +--- com.fasterxml.jackson.core:jackson-core:2.8.0
|         |         +--- com.fasterxml.jackson.core:jackson-annotations:2.8.0
|         |         \--- com.fasterxml.jackson.core:jackson-databind:2.8.0 (*)
|         +--- org.glassfish.jersey.connectors:jersey-apache-connector:2.23.1
|         |    +--- org.apache.httpcomponents:httpclient:4.5 -> 4.5.2
|         |    |    +--- org.apache.httpcomponents:httpcore:4.4.4 -> 4.4.5
|         |    |    +--- commons-logging:commons-logging:1.2
|         |    |    \--- commons-codec:commons-codec:1.9 -> 1.10
|         |    +--- org.glassfish.jersey.core:jersey-common:2.23.1
|         |    |    +--- javax.ws.rs:javax.ws.rs-api:2.0.1
|         |    |    +--- javax.annotation:javax.annotation-api:1.2
|         |    |    +--- org.glassfish.jersey.bundles.repackaged:jersey-guava:2.23.1
|         |    |    +--- org.glassfish.hk2:hk2-api:2.4.0-b34
|         |    |    |    +--- javax.inject:javax.inject:1
|         |    |    |    +--- org.glassfish.hk2:hk2-utils:2.4.0-b34
|         |    |    |    |    \--- javax.inject:javax.inject:1
|         |    |    |    \--- org.glassfish.hk2.external:aopalliance-repackaged:2.4.0-b34
|         |    |    +--- org.glassfish.hk2.external:javax.inject:2.4.0-b34
|         |    |    +--- org.glassfish.hk2:hk2-locator:2.4.0-b34
|         |    |    |    +--- org.glassfish.hk2.external:javax.inject:2.4.0-b34
|         |    |    |    +--- org.glassfish.hk2.external:aopalliance-repackaged:2.4.0-b34
|         |    |    |    +--- org.glassfish.hk2:hk2-api:2.4.0-b34 (*)
|         |    |    |    +--- org.glassfish.hk2:hk2-utils:2.4.0-b34 (*)
|         |    |    |    \--- org.javassist:javassist:3.18.1-GA
|         |    |    \--- org.glassfish.hk2:osgi-resource-locator:1.0.1
|         |    +--- org.glassfish.jersey.core:jersey-client:2.23.1
|         |    |    +--- javax.ws.rs:javax.ws.rs-api:2.0.1
|         |    |    +--- org.glassfish.jersey.core:jersey-common:2.23.1 (*)
|         |    |    +--- org.glassfish.hk2:hk2-api:2.4.0-b34 (*)
|         |    |    +--- org.glassfish.hk2.external:javax.inject:2.4.0-b34
|         |    |    \--- org.glassfish.hk2:hk2-locator:2.4.0-b34 (*)
|         |    \--- javax.ws.rs:javax.ws.rs-api:2.0.1
|         +--- org.apache.httpcomponents:httpcore:4.4.5
|         +--- org.apache.httpcomponents:httpclient:4.5 -> 4.5.2 (*)
|         +--- org.glassfish.jersey.core:jersey-client:2.23.1 (*)
|         +--- com.kohlschutter.junixsocket:junixsocket-common:2.0.4
|         |    \--- log4j:log4j:1.2.17
|         +--- com.kohlschutter.junixsocket:junixsocket-native-common:2.0.4
|         |    +--- com.kohlschutter.junixsocket:junixsocket-common:2.0.4 (*)
|         |    +--- org.scijava:native-lib-loader:2.0.2
|         |    \--- log4j:log4j:1.2.17
|         +--- org.apache.commons:commons-compress:1.12
|         +--- commons-codec:commons-codec:1.10
|         +--- commons-lang:commons-lang:2.6
|         +--- commons-io:commons-io:2.5
|         +--- org.slf4j:slf4j-api:1.7.21
|         +--- org.slf4j:jcl-over-slf4j:1.7.21
|         |    \--- org.slf4j:slf4j-api:1.7.21
|         +--- com.google.guava:guava:19.0
|         +--- org.bouncycastle:bcpkix-jdk15on:1.54
|         |    \--- org.bouncycastle:bcprov-jdk15on:1.54
|         +--- io.netty:netty-codec-http:4.1.3.Final
|         |    \--- io.netty:netty-codec:4.1.3.Final
|         |         \--- io.netty:netty-transport:4.1.3.Final
|         |              +--- io.netty:netty-buffer:4.1.3.Final
|         |              |    \--- io.netty:netty-common:4.1.3.Final
|         |              \--- io.netty:netty-resolver:4.1.3.Final
|         |                   \--- io.netty:netty-common:4.1.3.Final
|         +--- io.netty:netty-handler:4.1.3.Final
|         |    +--- io.netty:netty-buffer:4.1.3.Final (*)
|         |    +--- io.netty:netty-transport:4.1.3.Final (*)
|         |    \--- io.netty:netty-codec:4.1.3.Final (*)
|         +--- io.netty:netty-handler-proxy:4.1.3.Final
|         |    +--- io.netty:netty-transport:4.1.3.Final (*)
|         |    +--- io.netty:netty-codec-socks:4.1.3.Final
|         |    |    \--- io.netty:netty-codec:4.1.3.Final (*)
|         |    \--- io.netty:netty-codec-http:4.1.3.Final (*)
|         \--- io.netty:netty-transport-native-epoll:4.1.3.Final
|              +--- io.netty:netty-common:4.1.3.Final
|              +--- io.netty:netty-buffer:4.1.3.Final (*)
|              \--- io.netty:netty-transport:4.1.3.Final (*)
+--- me.gking2224:BuildToolsGradlePlugin:0.2.+ -> 0.2.5
|    +--- com.jcraft:jsch:0.1.51 -> 0.1.53
|    +--- org.eclipse.jgit:org.eclipse.jgit:4.4.0.201606070830-r
|    |    +--- com.jcraft:jsch:0.1.53
|    |    +--- com.googlecode.javaewah:JavaEWAH:0.7.9
|    |    +--- org.apache.httpcomponents:httpclient:4.3.6 -> 4.5.2 (*)
|    |    \--- org.slf4j:slf4j-api:1.7.2 -> 1.7.21
|    +--- org.codehaus.groovy:groovy-templates:2.4.7
|    |    +--- org.codehaus.groovy:groovy-xml:2.4.7
|    |    |    \--- org.codehaus.groovy:groovy:2.4.7
|    |    \--- org.codehaus.groovy:groovy:2.4.7
|    +--- org.eclipse.jgit:org.eclipse.jgit.junit:4.4.0.201606070830-r
|    |    \--- org.eclipse.jgit:org.eclipse.jgit:4.4.0.201606070830-r (*)
|    \--- me.gking2224:gk-utils:0.0.4
|         +--- org.springframework:spring-context-support:4.3.1.RELEASE
|         |    +--- org.springframework:spring-beans:4.3.1.RELEASE
|         |    |    \--- org.springframework:spring-core:4.3.1.RELEASE
|         |    +--- org.springframework:spring-context:4.3.1.RELEASE
|         |    |    +--- org.springframework:spring-aop:4.3.1.RELEASE
|         |    |    |    +--- org.springframework:spring-beans:4.3.1.RELEASE (*)
|         |    |    |    \--- org.springframework:spring-core:4.3.1.RELEASE
|         |    |    +--- org.springframework:spring-beans:4.3.1.RELEASE (*)
|         |    |    +--- org.springframework:spring-core:4.3.1.RELEASE
|         |    |    \--- org.springframework:spring-expression:4.3.1.RELEASE
|         |    |         \--- org.springframework:spring-core:4.3.1.RELEASE
|         |    \--- org.springframework:spring-core:4.3.1.RELEASE
|         +--- org.springframework:spring-web:4.3.1.RELEASE
|         |    +--- org.springframework:spring-aop:4.3.1.RELEASE (*)
|         |    +--- org.springframework:spring-beans:4.3.1.RELEASE (*)
|         |    +--- org.springframework:spring-context:4.3.1.RELEASE (*)
|         |    \--- org.springframework:spring-core:4.3.1.RELEASE
|         +--- javax.servlet:javax.servlet-api:3.1.0
|         +--- com.fasterxml.jackson.core:jackson-databind:2.8.0 (*)
|         +--- com.fasterxml.jackson.dataformat:jackson-dataformat-xml:2.8.0
|         |    +--- com.fasterxml.jackson.core:jackson-core:2.8.0
|         |    +--- com.fasterxml.jackson.core:jackson-annotations:2.8.0
|         |    +--- com.fasterxml.jackson.core:jackson-databind:2.8.0 (*)
|         |    +--- com.fasterxml.jackson.module:jackson-module-jaxb-annotations:2.8.0 (*)
|         |    +--- org.codehaus.woodstox:stax2-api:3.1.4
|         |    \--- com.fasterxml.woodstox:woodstox-core:5.0.2
|         |         \--- org.codehaus.woodstox:stax2-api:3.1.4
|         +--- com.jayway.jsonpath:json-path:2.2.0
|         |    +--- net.minidev:json-smart:2.2.1
|         |    |    \--- net.minidev:accessors-smart:1.1
|         |    |         \--- org.ow2.asm:asm:5.0.3
|         |    \--- org.slf4j:slf4j-api:1.7.16 -> 1.7.21
|         +--- commons-lang:commons-lang:2.4 -> 2.6
|         +--- commons-io:commons-io:2.5
|         +--- commons-beanutils:commons-beanutils:1.9.3
|         |    \--- commons-collections:commons-collections:3.2.2
|         +--- junit:junit:4.12
|         |    \--- org.hamcrest:hamcrest-core:1.3
|         +--- org.springframework:spring-test:4.3.1.RELEASE
|         |    \--- org.springframework:spring-core:4.3.1.RELEASE
|         \--- org.slf4j:slf4j-api:1.7.21
+--- me.gking2224:AmazonAWSGradlePlugin:0.1.+ -> 0.1.9
|    +--- com.amazonaws:aws-java-sdk-ec2:1.11.48
|    |    +--- com.amazonaws:aws-java-sdk-core:1.11.48
|    |    |    +--- commons-logging:commons-logging:1.1.3 -> 1.2
|    |    |    +--- org.apache.httpcomponents:httpclient:4.5.2 (*)
|    |    |    +--- software.amazon.ion:ion-java:1.0.1
|    |    |    +--- com.fasterxml.jackson.core:jackson-databind:2.6.6 -> 2.8.0 (*)
|    |    |    +--- com.fasterxml.jackson.dataformat:jackson-dataformat-cbor:2.6.6
|    |    |    |    \--- com.fasterxml.jackson.core:jackson-core:2.6.6 -> 2.8.0
|    |    |    \--- joda-time:joda-time:2.8.1
|    |    \--- com.amazonaws:jmespath-java:1.0
|    |         \--- com.fasterxml.jackson.core:jackson-databind:2.6.6 -> 2.8.0 (*)
|    +--- com.amazonaws:aws-java-sdk-iam:1.11.48
|    |    +--- com.amazonaws:aws-java-sdk-core:1.11.48 (*)
|    |    \--- com.amazonaws:jmespath-java:1.0 (*)
|    +--- com.amazonaws:aws-java-sdk-ecs:1.11.48
|    |    +--- com.amazonaws:aws-java-sdk-core:1.11.48 (*)
|    |    \--- com.amazonaws:jmespath-java:1.0 (*)
|    +--- com.amazonaws:aws-java-sdk-ecr:1.11.48
|    |    +--- com.amazonaws:aws-java-sdk-core:1.11.48 (*)
|    |    \--- com.amazonaws:jmespath-java:1.0 (*)
|    \--- com.amazonaws:aws-java-sdk-elasticloadbalancing:1.11.48
|         +--- com.amazonaws:aws-java-sdk-core:1.11.48 (*)
|         \--- com.amazonaws:jmespath-java:1.0 (*)
+--- me.gking2224:DockerPlugin:0.0.+ -> 0.0.2
|    \--- com.github.docker-java:docker-java:3.0.6 (*)
\--- com.github.docker-java:docker-java:3.0.6 (*)

published
No dependencies

runtime - Runtime dependencies for source set 'main'.
+--- se.transmode.gradle:gradle-docker:1.2
|    +--- com.google.guava:guava:17.0 -> 19.0
|    \--- com.github.docker-java:docker-java:0.9.0 -> 3.0.6
|         +--- com.fasterxml.jackson.jaxrs:jackson-jaxrs-json-provider:2.6.4
|         |    +--- com.fasterxml.jackson.jaxrs:jackson-jaxrs-base:2.6.4
|         |    |    +--- com.fasterxml.jackson.core:jackson-core:2.6.4 -> 2.8.0
|         |    |    \--- com.fasterxml.jackson.core:jackson-databind:2.6.4 -> 2.8.0
|         |    |         +--- com.fasterxml.jackson.core:jackson-annotations:2.8.0
|         |    |         \--- com.fasterxml.jackson.core:jackson-core:2.8.0
|         |    +--- com.fasterxml.jackson.core:jackson-core:2.6.4 -> 2.8.0
|         |    +--- com.fasterxml.jackson.core:jackson-databind:2.6.4 -> 2.8.0 (*)
|         |    \--- com.fasterxml.jackson.module:jackson-module-jaxb-annotations:2.6.4 -> 2.8.0
|         |         +--- com.fasterxml.jackson.core:jackson-core:2.8.0
|         |         +--- com.fasterxml.jackson.core:jackson-annotations:2.8.0
|         |         \--- com.fasterxml.jackson.core:jackson-databind:2.8.0 (*)
|         +--- org.glassfish.jersey.connectors:jersey-apache-connector:2.23.1
|         |    +--- org.apache.httpcomponents:httpclient:4.5 -> 4.5.2
|         |    |    +--- org.apache.httpcomponents:httpcore:4.4.4 -> 4.4.5
|         |    |    +--- commons-logging:commons-logging:1.2
|         |    |    \--- commons-codec:commons-codec:1.9 -> 1.10
|         |    +--- org.glassfish.jersey.core:jersey-common:2.23.1
|         |    |    +--- javax.ws.rs:javax.ws.rs-api:2.0.1
|         |    |    +--- javax.annotation:javax.annotation-api:1.2
|         |    |    +--- org.glassfish.jersey.bundles.repackaged:jersey-guava:2.23.1
|         |    |    +--- org.glassfish.hk2:hk2-api:2.4.0-b34
|         |    |    |    +--- javax.inject:javax.inject:1
|         |    |    |    +--- org.glassfish.hk2:hk2-utils:2.4.0-b34
|         |    |    |    |    \--- javax.inject:javax.inject:1
|         |    |    |    \--- org.glassfish.hk2.external:aopalliance-repackaged:2.4.0-b34
|         |    |    +--- org.glassfish.hk2.external:javax.inject:2.4.0-b34
|         |    |    +--- org.glassfish.hk2:hk2-locator:2.4.0-b34
|         |    |    |    +--- org.glassfish.hk2.external:javax.inject:2.4.0-b34
|         |    |    |    +--- org.glassfish.hk2.external:aopalliance-repackaged:2.4.0-b34
|         |    |    |    +--- org.glassfish.hk2:hk2-api:2.4.0-b34 (*)
|         |    |    |    +--- org.glassfish.hk2:hk2-utils:2.4.0-b34 (*)
|         |    |    |    \--- org.javassist:javassist:3.18.1-GA
|         |    |    \--- org.glassfish.hk2:osgi-resource-locator:1.0.1
|         |    +--- org.glassfish.jersey.core:jersey-client:2.23.1
|         |    |    +--- javax.ws.rs:javax.ws.rs-api:2.0.1
|         |    |    +--- org.glassfish.jersey.core:jersey-common:2.23.1 (*)
|         |    |    +--- org.glassfish.hk2:hk2-api:2.4.0-b34 (*)
|         |    |    +--- org.glassfish.hk2.external:javax.inject:2.4.0-b34
|         |    |    \--- org.glassfish.hk2:hk2-locator:2.4.0-b34 (*)
|         |    \--- javax.ws.rs:javax.ws.rs-api:2.0.1
|         +--- org.apache.httpcomponents:httpcore:4.4.5
|         +--- org.apache.httpcomponents:httpclient:4.5 -> 4.5.2 (*)
|         +--- org.glassfish.jersey.core:jersey-client:2.23.1 (*)
|         +--- com.kohlschutter.junixsocket:junixsocket-common:2.0.4
|         |    \--- log4j:log4j:1.2.17
|         +--- com.kohlschutter.junixsocket:junixsocket-native-common:2.0.4
|         |    +--- com.kohlschutter.junixsocket:junixsocket-common:2.0.4 (*)
|         |    +--- org.scijava:native-lib-loader:2.0.2
|         |    \--- log4j:log4j:1.2.17
|         +--- org.apache.commons:commons-compress:1.12
|         +--- commons-codec:commons-codec:1.10
|         +--- commons-lang:commons-lang:2.6
|         +--- commons-io:commons-io:2.5
|         +--- org.slf4j:slf4j-api:1.7.21
|         +--- org.slf4j:jcl-over-slf4j:1.7.21
|         |    \--- org.slf4j:slf4j-api:1.7.21
|         +--- com.google.guava:guava:19.0
|         +--- org.bouncycastle:bcpkix-jdk15on:1.54
|         |    \--- org.bouncycastle:bcprov-jdk15on:1.54
|         +--- io.netty:netty-codec-http:4.1.3.Final
|         |    \--- io.netty:netty-codec:4.1.3.Final
|         |         \--- io.netty:netty-transport:4.1.3.Final
|         |              +--- io.netty:netty-buffer:4.1.3.Final
|         |              |    \--- io.netty:netty-common:4.1.3.Final
|         |              \--- io.netty:netty-resolver:4.1.3.Final
|         |                   \--- io.netty:netty-common:4.1.3.Final
|         +--- io.netty:netty-handler:4.1.3.Final
|         |    +--- io.netty:netty-buffer:4.1.3.Final (*)
|         |    +--- io.netty:netty-transport:4.1.3.Final (*)
|         |    \--- io.netty:netty-codec:4.1.3.Final (*)
|         +--- io.netty:netty-handler-proxy:4.1.3.Final
|         |    +--- io.netty:netty-transport:4.1.3.Final (*)
|         |    +--- io.netty:netty-codec-socks:4.1.3.Final
|         |    |    \--- io.netty:netty-codec:4.1.3.Final (*)
|         |    \--- io.netty:netty-codec-http:4.1.3.Final (*)
|         \--- io.netty:netty-transport-native-epoll:4.1.3.Final
|              +--- io.netty:netty-common:4.1.3.Final
|              +--- io.netty:netty-buffer:4.1.3.Final (*)
|              \--- io.netty:netty-transport:4.1.3.Final (*)
+--- me.gking2224:BuildToolsGradlePlugin:0.2.+ -> 0.2.5
|    +--- com.jcraft:jsch:0.1.51 -> 0.1.53
|    +--- org.eclipse.jgit:org.eclipse.jgit:4.4.0.201606070830-r
|    |    +--- com.jcraft:jsch:0.1.53
|    |    +--- com.googlecode.javaewah:JavaEWAH:0.7.9
|    |    +--- org.apache.httpcomponents:httpclient:4.3.6 -> 4.5.2 (*)
|    |    \--- org.slf4j:slf4j-api:1.7.2 -> 1.7.21
|    +--- org.codehaus.groovy:groovy-templates:2.4.7
|    |    +--- org.codehaus.groovy:groovy-xml:2.4.7
|    |    |    \--- org.codehaus.groovy:groovy:2.4.7
|    |    \--- org.codehaus.groovy:groovy:2.4.7
|    +--- org.eclipse.jgit:org.eclipse.jgit.junit:4.4.0.201606070830-r
|    |    \--- org.eclipse.jgit:org.eclipse.jgit:4.4.0.201606070830-r (*)
|    \--- me.gking2224:gk-utils:0.0.4
|         +--- org.springframework:spring-context-support:4.3.1.RELEASE
|         |    +--- org.springframework:spring-beans:4.3.1.RELEASE
|         |    |    \--- org.springframework:spring-core:4.3.1.RELEASE
|         |    +--- org.springframework:spring-context:4.3.1.RELEASE
|         |    |    +--- org.springframework:spring-aop:4.3.1.RELEASE
|         |    |    |    +--- org.springframework:spring-beans:4.3.1.RELEASE (*)
|         |    |    |    \--- org.springframework:spring-core:4.3.1.RELEASE
|         |    |    +--- org.springframework:spring-beans:4.3.1.RELEASE (*)
|         |    |    +--- org.springframework:spring-core:4.3.1.RELEASE
|         |    |    \--- org.springframework:spring-expression:4.3.1.RELEASE
|         |    |         \--- org.springframework:spring-core:4.3.1.RELEASE
|         |    \--- org.springframework:spring-core:4.3.1.RELEASE
|         +--- org.springframework:spring-web:4.3.1.RELEASE
|         |    +--- org.springframework:spring-aop:4.3.1.RELEASE (*)
|         |    +--- org.springframework:spring-beans:4.3.1.RELEASE (*)
|         |    +--- org.springframework:spring-context:4.3.1.RELEASE (*)
|         |    \--- org.springframework:spring-core:4.3.1.RELEASE
|         +--- javax.servlet:javax.servlet-api:3.1.0
|         +--- com.fasterxml.jackson.core:jackson-databind:2.8.0 (*)
|         +--- com.fasterxml.jackson.dataformat:jackson-dataformat-xml:2.8.0
|         |    +--- com.fasterxml.jackson.core:jackson-core:2.8.0
|         |    +--- com.fasterxml.jackson.core:jackson-annotations:2.8.0
|         |    +--- com.fasterxml.jackson.core:jackson-databind:2.8.0 (*)
|         |    +--- com.fasterxml.jackson.module:jackson-module-jaxb-annotations:2.8.0 (*)
|         |    +--- org.codehaus.woodstox:stax2-api:3.1.4
|         |    \--- com.fasterxml.woodstox:woodstox-core:5.0.2
|         |         \--- org.codehaus.woodstox:stax2-api:3.1.4
|         +--- com.jayway.jsonpath:json-path:2.2.0
|         |    +--- net.minidev:json-smart:2.2.1
|         |    |    \--- net.minidev:accessors-smart:1.1
|         |    |         \--- org.ow2.asm:asm:5.0.3
|         |    \--- org.slf4j:slf4j-api:1.7.16 -> 1.7.21
|         +--- commons-lang:commons-lang:2.4 -> 2.6
|         +--- commons-io:commons-io:2.5
|         +--- commons-beanutils:commons-beanutils:1.9.3
|         |    \--- commons-collections:commons-collections:3.2.2
|         +--- junit:junit:4.12
|         |    \--- org.hamcrest:hamcrest-core:1.3
|         +--- org.springframework:spring-test:4.3.1.RELEASE
|         |    \--- org.springframework:spring-core:4.3.1.RELEASE
|         \--- org.slf4j:slf4j-api:1.7.21
+--- me.gking2224:AmazonAWSGradlePlugin:0.1.+ -> 0.1.9
|    +--- com.amazonaws:aws-java-sdk-ec2:1.11.48
|    |    +--- com.amazonaws:aws-java-sdk-core:1.11.48
|    |    |    +--- commons-logging:commons-logging:1.1.3 -> 1.2
|    |    |    +--- org.apache.httpcomponents:httpclient:4.5.2 (*)
|    |    |    +--- software.amazon.ion:ion-java:1.0.1
|    |    |    +--- com.fasterxml.jackson.core:jackson-databind:2.6.6 -> 2.8.0 (*)
|    |    |    +--- com.fasterxml.jackson.dataformat:jackson-dataformat-cbor:2.6.6
|    |    |    |    \--- com.fasterxml.jackson.core:jackson-core:2.6.6 -> 2.8.0
|    |    |    \--- joda-time:joda-time:2.8.1
|    |    \--- com.amazonaws:jmespath-java:1.0
|    |         \--- com.fasterxml.jackson.core:jackson-databind:2.6.6 -> 2.8.0 (*)
|    +--- com.amazonaws:aws-java-sdk-iam:1.11.48
|    |    +--- com.amazonaws:aws-java-sdk-core:1.11.48 (*)
|    |    \--- com.amazonaws:jmespath-java:1.0 (*)
|    +--- com.amazonaws:aws-java-sdk-ecs:1.11.48
|    |    +--- com.amazonaws:aws-java-sdk-core:1.11.48 (*)
|    |    \--- com.amazonaws:jmespath-java:1.0 (*)
|    +--- com.amazonaws:aws-java-sdk-ecr:1.11.48
|    |    +--- com.amazonaws:aws-java-sdk-core:1.11.48 (*)
|    |    \--- com.amazonaws:jmespath-java:1.0 (*)
|    \--- com.amazonaws:aws-java-sdk-elasticloadbalancing:1.11.48
|         +--- com.amazonaws:aws-java-sdk-core:1.11.48 (*)
|         \--- com.amazonaws:jmespath-java:1.0 (*)
+--- me.gking2224:DockerPlugin:0.0.+ -> 0.0.2
|    \--- com.github.docker-java:docker-java:3.0.6 (*)
\--- com.github.docker-java:docker-java:3.0.6 (*)

testCompile - Dependencies for source set 'test'.
+--- se.transmode.gradle:gradle-docker:1.2
|    +--- com.google.guava:guava:17.0 -> 19.0
|    \--- com.github.docker-java:docker-java:0.9.0 -> 3.0.6
|         +--- com.fasterxml.jackson.jaxrs:jackson-jaxrs-json-provider:2.6.4
|         |    +--- com.fasterxml.jackson.jaxrs:jackson-jaxrs-base:2.6.4
|         |    |    +--- com.fasterxml.jackson.core:jackson-core:2.6.4 -> 2.8.0
|         |    |    \--- com.fasterxml.jackson.core:jackson-databind:2.6.4 -> 2.8.0
|         |    |         +--- com.fasterxml.jackson.core:jackson-annotations:2.8.0
|         |    |         \--- com.fasterxml.jackson.core:jackson-core:2.8.0
|         |    +--- com.fasterxml.jackson.core:jackson-core:2.6.4 -> 2.8.0
|         |    +--- com.fasterxml.jackson.core:jackson-databind:2.6.4 -> 2.8.0 (*)
|         |    \--- com.fasterxml.jackson.module:jackson-module-jaxb-annotations:2.6.4 -> 2.8.0
|         |         +--- com.fasterxml.jackson.core:jackson-core:2.8.0
|         |         +--- com.fasterxml.jackson.core:jackson-annotations:2.8.0
|         |         \--- com.fasterxml.jackson.core:jackson-databind:2.8.0 (*)
|         +--- org.glassfish.jersey.connectors:jersey-apache-connector:2.23.1
|         |    +--- org.apache.httpcomponents:httpclient:4.5 -> 4.5.2
|         |    |    +--- org.apache.httpcomponents:httpcore:4.4.4 -> 4.4.5
|         |    |    +--- commons-logging:commons-logging:1.2
|         |    |    \--- commons-codec:commons-codec:1.9 -> 1.10
|         |    +--- org.glassfish.jersey.core:jersey-common:2.23.1
|         |    |    +--- javax.ws.rs:javax.ws.rs-api:2.0.1
|         |    |    +--- javax.annotation:javax.annotation-api:1.2
|         |    |    +--- org.glassfish.jersey.bundles.repackaged:jersey-guava:2.23.1
|         |    |    +--- org.glassfish.hk2:hk2-api:2.4.0-b34
|         |    |    |    +--- javax.inject:javax.inject:1
|         |    |    |    +--- org.glassfish.hk2:hk2-utils:2.4.0-b34
|         |    |    |    |    \--- javax.inject:javax.inject:1
|         |    |    |    \--- org.glassfish.hk2.external:aopalliance-repackaged:2.4.0-b34
|         |    |    +--- org.glassfish.hk2.external:javax.inject:2.4.0-b34
|         |    |    +--- org.glassfish.hk2:hk2-locator:2.4.0-b34
|         |    |    |    +--- org.glassfish.hk2.external:javax.inject:2.4.0-b34
|         |    |    |    +--- org.glassfish.hk2.external:aopalliance-repackaged:2.4.0-b34
|         |    |    |    +--- org.glassfish.hk2:hk2-api:2.4.0-b34 (*)
|         |    |    |    +--- org.glassfish.hk2:hk2-utils:2.4.0-b34 (*)
|         |    |    |    \--- org.javassist:javassist:3.18.1-GA
|         |    |    \--- org.glassfish.hk2:osgi-resource-locator:1.0.1
|         |    +--- org.glassfish.jersey.core:jersey-client:2.23.1
|         |    |    +--- javax.ws.rs:javax.ws.rs-api:2.0.1
|         |    |    +--- org.glassfish.jersey.core:jersey-common:2.23.1 (*)
|         |    |    +--- org.glassfish.hk2:hk2-api:2.4.0-b34 (*)
|         |    |    +--- org.glassfish.hk2.external:javax.inject:2.4.0-b34
|         |    |    \--- org.glassfish.hk2:hk2-locator:2.4.0-b34 (*)
|         |    \--- javax.ws.rs:javax.ws.rs-api:2.0.1
|         +--- org.apache.httpcomponents:httpcore:4.4.5
|         +--- org.apache.httpcomponents:httpclient:4.5 -> 4.5.2 (*)
|         +--- org.glassfish.jersey.core:jersey-client:2.23.1 (*)
|         +--- com.kohlschutter.junixsocket:junixsocket-common:2.0.4
|         |    \--- log4j:log4j:1.2.17
|         +--- com.kohlschutter.junixsocket:junixsocket-native-common:2.0.4
|         |    +--- com.kohlschutter.junixsocket:junixsocket-common:2.0.4 (*)
|         |    +--- org.scijava:native-lib-loader:2.0.2
|         |    \--- log4j:log4j:1.2.17
|         +--- org.apache.commons:commons-compress:1.12
|         +--- commons-codec:commons-codec:1.10
|         +--- commons-lang:commons-lang:2.6
|         +--- commons-io:commons-io:2.5
|         +--- org.slf4j:slf4j-api:1.7.21
|         +--- org.slf4j:jcl-over-slf4j:1.7.21
|         |    \--- org.slf4j:slf4j-api:1.7.21
|         +--- com.google.guava:guava:19.0
|         +--- org.bouncycastle:bcpkix-jdk15on:1.54
|         |    \--- org.bouncycastle:bcprov-jdk15on:1.54
|         +--- io.netty:netty-codec-http:4.1.3.Final
|         |    \--- io.netty:netty-codec:4.1.3.Final
|         |         \--- io.netty:netty-transport:4.1.3.Final
|         |              +--- io.netty:netty-buffer:4.1.3.Final
|         |              |    \--- io.netty:netty-common:4.1.3.Final
|         |              \--- io.netty:netty-resolver:4.1.3.Final
|         |                   \--- io.netty:netty-common:4.1.3.Final
|         +--- io.netty:netty-handler:4.1.3.Final
|         |    +--- io.netty:netty-buffer:4.1.3.Final (*)
|         |    +--- io.netty:netty-transport:4.1.3.Final (*)
|         |    \--- io.netty:netty-codec:4.1.3.Final (*)
|         +--- io.netty:netty-handler-proxy:4.1.3.Final
|         |    +--- io.netty:netty-transport:4.1.3.Final (*)
|         |    +--- io.netty:netty-codec-socks:4.1.3.Final
|         |    |    \--- io.netty:netty-codec:4.1.3.Final (*)
|         |    \--- io.netty:netty-codec-http:4.1.3.Final (*)
|         \--- io.netty:netty-transport-native-epoll:4.1.3.Final
|              +--- io.netty:netty-common:4.1.3.Final
|              +--- io.netty:netty-buffer:4.1.3.Final (*)
|              \--- io.netty:netty-transport:4.1.3.Final (*)
+--- me.gking2224:BuildToolsGradlePlugin:0.2.+ -> 0.2.5
|    +--- com.jcraft:jsch:0.1.51 -> 0.1.53
|    +--- org.eclipse.jgit:org.eclipse.jgit:4.4.0.201606070830-r
|    |    +--- com.jcraft:jsch:0.1.53
|    |    +--- com.googlecode.javaewah:JavaEWAH:0.7.9
|    |    +--- org.apache.httpcomponents:httpclient:4.3.6 -> 4.5.2 (*)
|    |    \--- org.slf4j:slf4j-api:1.7.2 -> 1.7.21
|    +--- org.codehaus.groovy:groovy-templates:2.4.7
|    |    +--- org.codehaus.groovy:groovy-xml:2.4.7
|    |    |    \--- org.codehaus.groovy:groovy:2.4.7
|    |    \--- org.codehaus.groovy:groovy:2.4.7
|    +--- org.eclipse.jgit:org.eclipse.jgit.junit:4.4.0.201606070830-r
|    |    \--- org.eclipse.jgit:org.eclipse.jgit:4.4.0.201606070830-r (*)
|    \--- me.gking2224:gk-utils:0.0.4
|         +--- org.springframework:spring-context-support:4.3.1.RELEASE
|         |    +--- org.springframework:spring-beans:4.3.1.RELEASE
|         |    |    \--- org.springframework:spring-core:4.3.1.RELEASE
|         |    +--- org.springframework:spring-context:4.3.1.RELEASE
|         |    |    +--- org.springframework:spring-aop:4.3.1.RELEASE
|         |    |    |    +--- org.springframework:spring-beans:4.3.1.RELEASE (*)
|         |    |    |    \--- org.springframework:spring-core:4.3.1.RELEASE
|         |    |    +--- org.springframework:spring-beans:4.3.1.RELEASE (*)
|         |    |    +--- org.springframework:spring-core:4.3.1.RELEASE
|         |    |    \--- org.springframework:spring-expression:4.3.1.RELEASE
|         |    |         \--- org.springframework:spring-core:4.3.1.RELEASE
|         |    \--- org.springframework:spring-core:4.3.1.RELEASE
|         +--- org.springframework:spring-web:4.3.1.RELEASE
|         |    +--- org.springframework:spring-aop:4.3.1.RELEASE (*)
|         |    +--- org.springframework:spring-beans:4.3.1.RELEASE (*)
|         |    +--- org.springframework:spring-context:4.3.1.RELEASE (*)
|         |    \--- org.springframework:spring-core:4.3.1.RELEASE
|         +--- javax.servlet:javax.servlet-api:3.1.0
|         +--- com.fasterxml.jackson.core:jackson-databind:2.8.0 (*)
|         +--- com.fasterxml.jackson.dataformat:jackson-dataformat-xml:2.8.0
|         |    +--- com.fasterxml.jackson.core:jackson-core:2.8.0
|         |    +--- com.fasterxml.jackson.core:jackson-annotations:2.8.0
|         |    +--- com.fasterxml.jackson.core:jackson-databind:2.8.0 (*)
|         |    +--- com.fasterxml.jackson.module:jackson-module-jaxb-annotations:2.8.0 (*)
|         |    +--- org.codehaus.woodstox:stax2-api:3.1.4
|         |    \--- com.fasterxml.woodstox:woodstox-core:5.0.2
|         |         \--- org.codehaus.woodstox:stax2-api:3.1.4
|         +--- com.jayway.jsonpath:json-path:2.2.0
|         |    +--- net.minidev:json-smart:2.2.1
|         |    |    \--- net.minidev:accessors-smart:1.1
|         |    |         \--- org.ow2.asm:asm:5.0.3
|         |    \--- org.slf4j:slf4j-api:1.7.16 -> 1.7.21
|         +--- commons-lang:commons-lang:2.4 -> 2.6
|         +--- commons-io:commons-io:2.5
|         +--- commons-beanutils:commons-beanutils:1.9.3
|         |    \--- commons-collections:commons-collections:3.2.2
|         +--- junit:junit:4.12
|         |    \--- org.hamcrest:hamcrest-core:1.3
|         +--- org.springframework:spring-test:4.3.1.RELEASE
|         |    \--- org.springframework:spring-core:4.3.1.RELEASE
|         \--- org.slf4j:slf4j-api:1.7.21
+--- me.gking2224:AmazonAWSGradlePlugin:0.1.+ -> 0.1.9
|    +--- com.amazonaws:aws-java-sdk-ec2:1.11.48
|    |    +--- com.amazonaws:aws-java-sdk-core:1.11.48
|    |    |    +--- commons-logging:commons-logging:1.1.3 -> 1.2
|    |    |    +--- org.apache.httpcomponents:httpclient:4.5.2 (*)
|    |    |    +--- software.amazon.ion:ion-java:1.0.1
|    |    |    +--- com.fasterxml.jackson.core:jackson-databind:2.6.6 -> 2.8.0 (*)
|    |    |    +--- com.fasterxml.jackson.dataformat:jackson-dataformat-cbor:2.6.6
|    |    |    |    \--- com.fasterxml.jackson.core:jackson-core:2.6.6 -> 2.8.0
|    |    |    \--- joda-time:joda-time:2.8.1
|    |    \--- com.amazonaws:jmespath-java:1.0
|    |         \--- com.fasterxml.jackson.core:jackson-databind:2.6.6 -> 2.8.0 (*)
|    +--- com.amazonaws:aws-java-sdk-iam:1.11.48
|    |    +--- com.amazonaws:aws-java-sdk-core:1.11.48 (*)
|    |    \--- com.amazonaws:jmespath-java:1.0 (*)
|    +--- com.amazonaws:aws-java-sdk-ecs:1.11.48
|    |    +--- com.amazonaws:aws-java-sdk-core:1.11.48 (*)
|    |    \--- com.amazonaws:jmespath-java:1.0 (*)
|    +--- com.amazonaws:aws-java-sdk-ecr:1.11.48
|    |    +--- com.amazonaws:aws-java-sdk-core:1.11.48 (*)
|    |    \--- com.amazonaws:jmespath-java:1.0 (*)
|    \--- com.amazonaws:aws-java-sdk-elasticloadbalancing:1.11.48
|         +--- com.amazonaws:aws-java-sdk-core:1.11.48 (*)
|         \--- com.amazonaws:jmespath-java:1.0 (*)
+--- me.gking2224:DockerPlugin:0.0.+ -> 0.0.2
|    \--- com.github.docker-java:docker-java:3.0.6 (*)
+--- com.github.docker-java:docker-java:3.0.6 (*)
+--- junit:junit:4.11 -> 4.12 (*)
\--- me.gking2224:BuildToolsGradlePlugin:0.1.8 -> 0.2.5 (*)

testCompileClasspath - Compile classpath for source set 'test'.
+--- se.transmode.gradle:gradle-docker:1.2
|    +--- com.google.guava:guava:17.0 -> 19.0
|    \--- com.github.docker-java:docker-java:0.9.0 -> 3.0.6
|         +--- com.fasterxml.jackson.jaxrs:jackson-jaxrs-json-provider:2.6.4
|         |    +--- com.fasterxml.jackson.jaxrs:jackson-jaxrs-base:2.6.4
|         |    |    +--- com.fasterxml.jackson.core:jackson-core:2.6.4 -> 2.8.0
|         |    |    \--- com.fasterxml.jackson.core:jackson-databind:2.6.4 -> 2.8.0
|         |    |         +--- com.fasterxml.jackson.core:jackson-annotations:2.8.0
|         |    |         \--- com.fasterxml.jackson.core:jackson-core:2.8.0
|         |    +--- com.fasterxml.jackson.core:jackson-core:2.6.4 -> 2.8.0
|         |    +--- com.fasterxml.jackson.core:jackson-databind:2.6.4 -> 2.8.0 (*)
|         |    \--- com.fasterxml.jackson.module:jackson-module-jaxb-annotations:2.6.4 -> 2.8.0
|         |         +--- com.fasterxml.jackson.core:jackson-core:2.8.0
|         |         +--- com.fasterxml.jackson.core:jackson-annotations:2.8.0
|         |         \--- com.fasterxml.jackson.core:jackson-databind:2.8.0 (*)
|         +--- org.glassfish.jersey.connectors:jersey-apache-connector:2.23.1
|         |    +--- org.apache.httpcomponents:httpclient:4.5 -> 4.5.2
|         |    |    +--- org.apache.httpcomponents:httpcore:4.4.4 -> 4.4.5
|         |    |    +--- commons-logging:commons-logging:1.2
|         |    |    \--- commons-codec:commons-codec:1.9 -> 1.10
|         |    +--- org.glassfish.jersey.core:jersey-common:2.23.1
|         |    |    +--- javax.ws.rs:javax.ws.rs-api:2.0.1
|         |    |    +--- javax.annotation:javax.annotation-api:1.2
|         |    |    +--- org.glassfish.jersey.bundles.repackaged:jersey-guava:2.23.1
|         |    |    +--- org.glassfish.hk2:hk2-api:2.4.0-b34
|         |    |    |    +--- javax.inject:javax.inject:1
|         |    |    |    +--- org.glassfish.hk2:hk2-utils:2.4.0-b34
|         |    |    |    |    \--- javax.inject:javax.inject:1
|         |    |    |    \--- org.glassfish.hk2.external:aopalliance-repackaged:2.4.0-b34
|         |    |    +--- org.glassfish.hk2.external:javax.inject:2.4.0-b34
|         |    |    +--- org.glassfish.hk2:hk2-locator:2.4.0-b34
|         |    |    |    +--- org.glassfish.hk2.external:javax.inject:2.4.0-b34
|         |    |    |    +--- org.glassfish.hk2.external:aopalliance-repackaged:2.4.0-b34
|         |    |    |    +--- org.glassfish.hk2:hk2-api:2.4.0-b34 (*)
|         |    |    |    +--- org.glassfish.hk2:hk2-utils:2.4.0-b34 (*)
|         |    |    |    \--- org.javassist:javassist:3.18.1-GA
|         |    |    \--- org.glassfish.hk2:osgi-resource-locator:1.0.1
|         |    +--- org.glassfish.jersey.core:jersey-client:2.23.1
|         |    |    +--- javax.ws.rs:javax.ws.rs-api:2.0.1
|         |    |    +--- org.glassfish.jersey.core:jersey-common:2.23.1 (*)
|         |    |    +--- org.glassfish.hk2:hk2-api:2.4.0-b34 (*)
|         |    |    +--- org.glassfish.hk2.external:javax.inject:2.4.0-b34
|         |    |    \--- org.glassfish.hk2:hk2-locator:2.4.0-b34 (*)
|         |    \--- javax.ws.rs:javax.ws.rs-api:2.0.1
|         +--- org.apache.httpcomponents:httpcore:4.4.5
|         +--- org.apache.httpcomponents:httpclient:4.5 -> 4.5.2 (*)
|         +--- org.glassfish.jersey.core:jersey-client:2.23.1 (*)
|         +--- com.kohlschutter.junixsocket:junixsocket-common:2.0.4
|         |    \--- log4j:log4j:1.2.17
|         +--- com.kohlschutter.junixsocket:junixsocket-native-common:2.0.4
|         |    +--- com.kohlschutter.junixsocket:junixsocket-common:2.0.4 (*)
|         |    +--- org.scijava:native-lib-loader:2.0.2
|         |    \--- log4j:log4j:1.2.17
|         +--- org.apache.commons:commons-compress:1.12
|         +--- commons-codec:commons-codec:1.10
|         +--- commons-lang:commons-lang:2.6
|         +--- commons-io:commons-io:2.5
|         +--- org.slf4j:slf4j-api:1.7.21
|         +--- org.slf4j:jcl-over-slf4j:1.7.21
|         |    \--- org.slf4j:slf4j-api:1.7.21
|         +--- com.google.guava:guava:19.0
|         +--- org.bouncycastle:bcpkix-jdk15on:1.54
|         |    \--- org.bouncycastle:bcprov-jdk15on:1.54
|         +--- io.netty:netty-codec-http:4.1.3.Final
|         |    \--- io.netty:netty-codec:4.1.3.Final
|         |         \--- io.netty:netty-transport:4.1.3.Final
|         |              +--- io.netty:netty-buffer:4.1.3.Final
|         |              |    \--- io.netty:netty-common:4.1.3.Final
|         |              \--- io.netty:netty-resolver:4.1.3.Final
|         |                   \--- io.netty:netty-common:4.1.3.Final
|         +--- io.netty:netty-handler:4.1.3.Final
|         |    +--- io.netty:netty-buffer:4.1.3.Final (*)
|         |    +--- io.netty:netty-transport:4.1.3.Final (*)
|         |    \--- io.netty:netty-codec:4.1.3.Final (*)
|         +--- io.netty:netty-handler-proxy:4.1.3.Final
|         |    +--- io.netty:netty-transport:4.1.3.Final (*)
|         |    +--- io.netty:netty-codec-socks:4.1.3.Final
|         |    |    \--- io.netty:netty-codec:4.1.3.Final (*)
|         |    \--- io.netty:netty-codec-http:4.1.3.Final (*)
|         \--- io.netty:netty-transport-native-epoll:4.1.3.Final
|              +--- io.netty:netty-common:4.1.3.Final
|              +--- io.netty:netty-buffer:4.1.3.Final (*)
|              \--- io.netty:netty-transport:4.1.3.Final (*)
+--- me.gking2224:BuildToolsGradlePlugin:0.2.+ -> 0.2.5
|    +--- com.jcraft:jsch:0.1.51 -> 0.1.53
|    +--- org.eclipse.jgit:org.eclipse.jgit:4.4.0.201606070830-r
|    |    +--- com.jcraft:jsch:0.1.53
|    |    +--- com.googlecode.javaewah:JavaEWAH:0.7.9
|    |    +--- org.apache.httpcomponents:httpclient:4.3.6 -> 4.5.2 (*)
|    |    \--- org.slf4j:slf4j-api:1.7.2 -> 1.7.21
|    +--- org.codehaus.groovy:groovy-templates:2.4.7
|    |    +--- org.codehaus.groovy:groovy-xml:2.4.7
|    |    |    \--- org.codehaus.groovy:groovy:2.4.7
|    |    \--- org.codehaus.groovy:groovy:2.4.7
|    +--- org.eclipse.jgit:org.eclipse.jgit.junit:4.4.0.201606070830-r
|    |    \--- org.eclipse.jgit:org.eclipse.jgit:4.4.0.201606070830-r (*)
|    \--- me.gking2224:gk-utils:0.0.4
|         +--- org.springframework:spring-context-support:4.3.1.RELEASE
|         |    +--- org.springframework:spring-beans:4.3.1.RELEASE
|         |    |    \--- org.springframework:spring-core:4.3.1.RELEASE
|         |    +--- org.springframework:spring-context:4.3.1.RELEASE
|         |    |    +--- org.springframework:spring-aop:4.3.1.RELEASE
|         |    |    |    +--- org.springframework:spring-beans:4.3.1.RELEASE (*)
|         |    |    |    \--- org.springframework:spring-core:4.3.1.RELEASE
|         |    |    +--- org.springframework:spring-beans:4.3.1.RELEASE (*)
|         |    |    +--- org.springframework:spring-core:4.3.1.RELEASE
|         |    |    \--- org.springframework:spring-expression:4.3.1.RELEASE
|         |    |         \--- org.springframework:spring-core:4.3.1.RELEASE
|         |    \--- org.springframework:spring-core:4.3.1.RELEASE
|         +--- org.springframework:spring-web:4.3.1.RELEASE
|         |    +--- org.springframework:spring-aop:4.3.1.RELEASE (*)
|         |    +--- org.springframework:spring-beans:4.3.1.RELEASE (*)
|         |    +--- org.springframework:spring-context:4.3.1.RELEASE (*)
|         |    \--- org.springframework:spring-core:4.3.1.RELEASE
|         +--- javax.servlet:javax.servlet-api:3.1.0
|         +--- com.fasterxml.jackson.core:jackson-databind:2.8.0 (*)
|         +--- com.fasterxml.jackson.dataformat:jackson-dataformat-xml:2.8.0
|         |    +--- com.fasterxml.jackson.core:jackson-core:2.8.0
|         |    +--- com.fasterxml.jackson.core:jackson-annotations:2.8.0
|         |    +--- com.fasterxml.jackson.core:jackson-databind:2.8.0 (*)
|         |    +--- com.fasterxml.jackson.module:jackson-module-jaxb-annotations:2.8.0 (*)
|         |    +--- org.codehaus.woodstox:stax2-api:3.1.4
|         |    \--- com.fasterxml.woodstox:woodstox-core:5.0.2
|         |         \--- org.codehaus.woodstox:stax2-api:3.1.4
|         +--- com.jayway.jsonpath:json-path:2.2.0
|         |    +--- net.minidev:json-smart:2.2.1
|         |    |    \--- net.minidev:accessors-smart:1.1
|         |    |         \--- org.ow2.asm:asm:5.0.3
|         |    \--- org.slf4j:slf4j-api:1.7.16 -> 1.7.21
|         +--- commons-lang:commons-lang:2.4 -> 2.6
|         +--- commons-io:commons-io:2.5
|         +--- commons-beanutils:commons-beanutils:1.9.3
|         |    \--- commons-collections:commons-collections:3.2.2
|         +--- junit:junit:4.12
|         |    \--- org.hamcrest:hamcrest-core:1.3
|         +--- org.springframework:spring-test:4.3.1.RELEASE
|         |    \--- org.springframework:spring-core:4.3.1.RELEASE
|         \--- org.slf4j:slf4j-api:1.7.21
+--- me.gking2224:AmazonAWSGradlePlugin:0.1.+ -> 0.1.9
|    +--- com.amazonaws:aws-java-sdk-ec2:1.11.48
|    |    +--- com.amazonaws:aws-java-sdk-core:1.11.48
|    |    |    +--- commons-logging:commons-logging:1.1.3 -> 1.2
|    |    |    +--- org.apache.httpcomponents:httpclient:4.5.2 (*)
|    |    |    +--- software.amazon.ion:ion-java:1.0.1
|    |    |    +--- com.fasterxml.jackson.core:jackson-databind:2.6.6 -> 2.8.0 (*)
|    |    |    +--- com.fasterxml.jackson.dataformat:jackson-dataformat-cbor:2.6.6
|    |    |    |    \--- com.fasterxml.jackson.core:jackson-core:2.6.6 -> 2.8.0
|    |    |    \--- joda-time:joda-time:2.8.1
|    |    \--- com.amazonaws:jmespath-java:1.0
|    |         \--- com.fasterxml.jackson.core:jackson-databind:2.6.6 -> 2.8.0 (*)
|    +--- com.amazonaws:aws-java-sdk-iam:1.11.48
|    |    +--- com.amazonaws:aws-java-sdk-core:1.11.48 (*)
|    |    \--- com.amazonaws:jmespath-java:1.0 (*)
|    +--- com.amazonaws:aws-java-sdk-ecs:1.11.48
|    |    +--- com.amazonaws:aws-java-sdk-core:1.11.48 (*)
|    |    \--- com.amazonaws:jmespath-java:1.0 (*)
|    +--- com.amazonaws:aws-java-sdk-ecr:1.11.48
|    |    +--- com.amazonaws:aws-java-sdk-core:1.11.48 (*)
|    |    \--- com.amazonaws:jmespath-java:1.0 (*)
|    \--- com.amazonaws:aws-java-sdk-elasticloadbalancing:1.11.48
|         +--- com.amazonaws:aws-java-sdk-core:1.11.48 (*)
|         \--- com.amazonaws:jmespath-java:1.0 (*)
+--- me.gking2224:DockerPlugin:0.0.+ -> 0.0.2
|    \--- com.github.docker-java:docker-java:3.0.6 (*)
+--- com.github.docker-java:docker-java:3.0.6 (*)
+--- junit:junit:4.11 -> 4.12 (*)
\--- me.gking2224:BuildToolsGradlePlugin:0.1.8 -> 0.2.5 (*)

testCompileOnly - Compile dependencies for source set 'test'.
+--- se.transmode.gradle:gradle-docker:1.2
|    +--- com.google.guava:guava:17.0 -> 19.0
|    \--- com.github.docker-java:docker-java:0.9.0 -> 3.0.6
|         +--- com.fasterxml.jackson.jaxrs:jackson-jaxrs-json-provider:2.6.4
|         |    +--- com.fasterxml.jackson.jaxrs:jackson-jaxrs-base:2.6.4
|         |    |    +--- com.fasterxml.jackson.core:jackson-core:2.6.4 -> 2.8.0
|         |    |    \--- com.fasterxml.jackson.core:jackson-databind:2.6.4 -> 2.8.0
|         |    |         +--- com.fasterxml.jackson.core:jackson-annotations:2.8.0
|         |    |         \--- com.fasterxml.jackson.core:jackson-core:2.8.0
|         |    +--- com.fasterxml.jackson.core:jackson-core:2.6.4 -> 2.8.0
|         |    +--- com.fasterxml.jackson.core:jackson-databind:2.6.4 -> 2.8.0 (*)
|         |    \--- com.fasterxml.jackson.module:jackson-module-jaxb-annotations:2.6.4 -> 2.8.0
|         |         +--- com.fasterxml.jackson.core:jackson-core:2.8.0
|         |         +--- com.fasterxml.jackson.core:jackson-annotations:2.8.0
|         |         \--- com.fasterxml.jackson.core:jackson-databind:2.8.0 (*)
|         +--- org.glassfish.jersey.connectors:jersey-apache-connector:2.23.1
|         |    +--- org.apache.httpcomponents:httpclient:4.5 -> 4.5.2
|         |    |    +--- org.apache.httpcomponents:httpcore:4.4.4 -> 4.4.5
|         |    |    +--- commons-logging:commons-logging:1.2
|         |    |    \--- commons-codec:commons-codec:1.9 -> 1.10
|         |    +--- org.glassfish.jersey.core:jersey-common:2.23.1
|         |    |    +--- javax.ws.rs:javax.ws.rs-api:2.0.1
|         |    |    +--- javax.annotation:javax.annotation-api:1.2
|         |    |    +--- org.glassfish.jersey.bundles.repackaged:jersey-guava:2.23.1
|         |    |    +--- org.glassfish.hk2:hk2-api:2.4.0-b34
|         |    |    |    +--- javax.inject:javax.inject:1
|         |    |    |    +--- org.glassfish.hk2:hk2-utils:2.4.0-b34
|         |    |    |    |    \--- javax.inject:javax.inject:1
|         |    |    |    \--- org.glassfish.hk2.external:aopalliance-repackaged:2.4.0-b34
|         |    |    +--- org.glassfish.hk2.external:javax.inject:2.4.0-b34
|         |    |    +--- org.glassfish.hk2:hk2-locator:2.4.0-b34
|         |    |    |    +--- org.glassfish.hk2.external:javax.inject:2.4.0-b34
|         |    |    |    +--- org.glassfish.hk2.external:aopalliance-repackaged:2.4.0-b34
|         |    |    |    +--- org.glassfish.hk2:hk2-api:2.4.0-b34 (*)
|         |    |    |    +--- org.glassfish.hk2:hk2-utils:2.4.0-b34 (*)
|         |    |    |    \--- org.javassist:javassist:3.18.1-GA
|         |    |    \--- org.glassfish.hk2:osgi-resource-locator:1.0.1
|         |    +--- org.glassfish.jersey.core:jersey-client:2.23.1
|         |    |    +--- javax.ws.rs:javax.ws.rs-api:2.0.1
|         |    |    +--- org.glassfish.jersey.core:jersey-common:2.23.1 (*)
|         |    |    +--- org.glassfish.hk2:hk2-api:2.4.0-b34 (*)
|         |    |    +--- org.glassfish.hk2.external:javax.inject:2.4.0-b34
|         |    |    \--- org.glassfish.hk2:hk2-locator:2.4.0-b34 (*)
|         |    \--- javax.ws.rs:javax.ws.rs-api:2.0.1
|         +--- org.apache.httpcomponents:httpcore:4.4.5
|         +--- org.apache.httpcomponents:httpclient:4.5 -> 4.5.2 (*)
|         +--- org.glassfish.jersey.core:jersey-client:2.23.1 (*)
|         +--- com.kohlschutter.junixsocket:junixsocket-common:2.0.4
|         |    \--- log4j:log4j:1.2.17
|         +--- com.kohlschutter.junixsocket:junixsocket-native-common:2.0.4
|         |    +--- com.kohlschutter.junixsocket:junixsocket-common:2.0.4 (*)
|         |    +--- org.scijava:native-lib-loader:2.0.2
|         |    \--- log4j:log4j:1.2.17
|         +--- org.apache.commons:commons-compress:1.12
|         +--- commons-codec:commons-codec:1.10
|         +--- commons-lang:commons-lang:2.6
|         +--- commons-io:commons-io:2.5
|         +--- org.slf4j:slf4j-api:1.7.21
|         +--- org.slf4j:jcl-over-slf4j:1.7.21
|         |    \--- org.slf4j:slf4j-api:1.7.21
|         +--- com.google.guava:guava:19.0
|         +--- org.bouncycastle:bcpkix-jdk15on:1.54
|         |    \--- org.bouncycastle:bcprov-jdk15on:1.54
|         +--- io.netty:netty-codec-http:4.1.3.Final
|         |    \--- io.netty:netty-codec:4.1.3.Final
|         |         \--- io.netty:netty-transport:4.1.3.Final
|         |              +--- io.netty:netty-buffer:4.1.3.Final
|         |              |    \--- io.netty:netty-common:4.1.3.Final
|         |              \--- io.netty:netty-resolver:4.1.3.Final
|         |                   \--- io.netty:netty-common:4.1.3.Final
|         +--- io.netty:netty-handler:4.1.3.Final
|         |    +--- io.netty:netty-buffer:4.1.3.Final (*)
|         |    +--- io.netty:netty-transport:4.1.3.Final (*)
|         |    \--- io.netty:netty-codec:4.1.3.Final (*)
|         +--- io.netty:netty-handler-proxy:4.1.3.Final
|         |    +--- io.netty:netty-transport:4.1.3.Final (*)
|         |    +--- io.netty:netty-codec-socks:4.1.3.Final
|         |    |    \--- io.netty:netty-codec:4.1.3.Final (*)
|         |    \--- io.netty:netty-codec-http:4.1.3.Final (*)
|         \--- io.netty:netty-transport-native-epoll:4.1.3.Final
|              +--- io.netty:netty-common:4.1.3.Final
|              +--- io.netty:netty-buffer:4.1.3.Final (*)
|              \--- io.netty:netty-transport:4.1.3.Final (*)
+--- me.gking2224:BuildToolsGradlePlugin:0.2.+ -> 0.2.5
|    +--- com.jcraft:jsch:0.1.51 -> 0.1.53
|    +--- org.eclipse.jgit:org.eclipse.jgit:4.4.0.201606070830-r
|    |    +--- com.jcraft:jsch:0.1.53
|    |    +--- com.googlecode.javaewah:JavaEWAH:0.7.9
|    |    +--- org.apache.httpcomponents:httpclient:4.3.6 -> 4.5.2 (*)
|    |    \--- org.slf4j:slf4j-api:1.7.2 -> 1.7.21
|    +--- org.codehaus.groovy:groovy-templates:2.4.7
|    |    +--- org.codehaus.groovy:groovy-xml:2.4.7
|    |    |    \--- org.codehaus.groovy:groovy:2.4.7
|    |    \--- org.codehaus.groovy:groovy:2.4.7
|    +--- org.eclipse.jgit:org.eclipse.jgit.junit:4.4.0.201606070830-r
|    |    \--- org.eclipse.jgit:org.eclipse.jgit:4.4.0.201606070830-r (*)
|    \--- me.gking2224:gk-utils:0.0.4
|         +--- org.springframework:spring-context-support:4.3.1.RELEASE
|         |    +--- org.springframework:spring-beans:4.3.1.RELEASE
|         |    |    \--- org.springframework:spring-core:4.3.1.RELEASE
|         |    +--- org.springframework:spring-context:4.3.1.RELEASE
|         |    |    +--- org.springframework:spring-aop:4.3.1.RELEASE
|         |    |    |    +--- org.springframework:spring-beans:4.3.1.RELEASE (*)
|         |    |    |    \--- org.springframework:spring-core:4.3.1.RELEASE
|         |    |    +--- org.springframework:spring-beans:4.3.1.RELEASE (*)
|         |    |    +--- org.springframework:spring-core:4.3.1.RELEASE
|         |    |    \--- org.springframework:spring-expression:4.3.1.RELEASE
|         |    |         \--- org.springframework:spring-core:4.3.1.RELEASE
|         |    \--- org.springframework:spring-core:4.3.1.RELEASE
|         +--- org.springframework:spring-web:4.3.1.RELEASE
|         |    +--- org.springframework:spring-aop:4.3.1.RELEASE (*)
|         |    +--- org.springframework:spring-beans:4.3.1.RELEASE (*)
|         |    +--- org.springframework:spring-context:4.3.1.RELEASE (*)
|         |    \--- org.springframework:spring-core:4.3.1.RELEASE
|         +--- javax.servlet:javax.servlet-api:3.1.0
|         +--- com.fasterxml.jackson.core:jackson-databind:2.8.0 (*)
|         +--- com.fasterxml.jackson.dataformat:jackson-dataformat-xml:2.8.0
|         |    +--- com.fasterxml.jackson.core:jackson-core:2.8.0
|         |    +--- com.fasterxml.jackson.core:jackson-annotations:2.8.0
|         |    +--- com.fasterxml.jackson.core:jackson-databind:2.8.0 (*)
|         |    +--- com.fasterxml.jackson.module:jackson-module-jaxb-annotations:2.8.0 (*)
|         |    +--- org.codehaus.woodstox:stax2-api:3.1.4
|         |    \--- com.fasterxml.woodstox:woodstox-core:5.0.2
|         |         \--- org.codehaus.woodstox:stax2-api:3.1.4
|         +--- com.jayway.jsonpath:json-path:2.2.0
|         |    +--- net.minidev:json-smart:2.2.1
|         |    |    \--- net.minidev:accessors-smart:1.1
|         |    |         \--- org.ow2.asm:asm:5.0.3
|         |    \--- org.slf4j:slf4j-api:1.7.16 -> 1.7.21
|         +--- commons-lang:commons-lang:2.4 -> 2.6
|         +--- commons-io:commons-io:2.5
|         +--- commons-beanutils:commons-beanutils:1.9.3
|         |    \--- commons-collections:commons-collections:3.2.2
|         +--- junit:junit:4.12
|         |    \--- org.hamcrest:hamcrest-core:1.3
|         +--- org.springframework:spring-test:4.3.1.RELEASE
|         |    \--- org.springframework:spring-core:4.3.1.RELEASE
|         \--- org.slf4j:slf4j-api:1.7.21
+--- me.gking2224:AmazonAWSGradlePlugin:0.1.+ -> 0.1.9
|    +--- com.amazonaws:aws-java-sdk-ec2:1.11.48
|    |    +--- com.amazonaws:aws-java-sdk-core:1.11.48
|    |    |    +--- commons-logging:commons-logging:1.1.3 -> 1.2
|    |    |    +--- org.apache.httpcomponents:httpclient:4.5.2 (*)
|    |    |    +--- software.amazon.ion:ion-java:1.0.1
|    |    |    +--- com.fasterxml.jackson.core:jackson-databind:2.6.6 -> 2.8.0 (*)
|    |    |    +--- com.fasterxml.jackson.dataformat:jackson-dataformat-cbor:2.6.6
|    |    |    |    \--- com.fasterxml.jackson.core:jackson-core:2.6.6 -> 2.8.0
|    |    |    \--- joda-time:joda-time:2.8.1
|    |    \--- com.amazonaws:jmespath-java:1.0
|    |         \--- com.fasterxml.jackson.core:jackson-databind:2.6.6 -> 2.8.0 (*)
|    +--- com.amazonaws:aws-java-sdk-iam:1.11.48
|    |    +--- com.amazonaws:aws-java-sdk-core:1.11.48 (*)
|    |    \--- com.amazonaws:jmespath-java:1.0 (*)
|    +--- com.amazonaws:aws-java-sdk-ecs:1.11.48
|    |    +--- com.amazonaws:aws-java-sdk-core:1.11.48 (*)
|    |    \--- com.amazonaws:jmespath-java:1.0 (*)
|    +--- com.amazonaws:aws-java-sdk-ecr:1.11.48
|    |    +--- com.amazonaws:aws-java-sdk-core:1.11.48 (*)
|    |    \--- com.amazonaws:jmespath-java:1.0 (*)
|    \--- com.amazonaws:aws-java-sdk-elasticloadbalancing:1.11.48
|         +--- com.amazonaws:aws-java-sdk-core:1.11.48 (*)
|         \--- com.amazonaws:jmespath-java:1.0 (*)
+--- me.gking2224:DockerPlugin:0.0.+ -> 0.0.2
|    \--- com.github.docker-java:docker-java:3.0.6 (*)
+--- com.github.docker-java:docker-java:3.0.6 (*)
+--- junit:junit:4.11 -> 4.12 (*)
\--- me.gking2224:BuildToolsGradlePlugin:0.1.8 -> 0.2.5 (*)

testRuntime - Runtime dependencies for source set 'test'.
+--- se.transmode.gradle:gradle-docker:1.2
|    +--- com.google.guava:guava:17.0 -> 19.0
|    \--- com.github.docker-java:docker-java:0.9.0 -> 3.0.6
|         +--- com.fasterxml.jackson.jaxrs:jackson-jaxrs-json-provider:2.6.4
|         |    +--- com.fasterxml.jackson.jaxrs:jackson-jaxrs-base:2.6.4
|         |    |    +--- com.fasterxml.jackson.core:jackson-core:2.6.4 -> 2.8.0
|         |    |    \--- com.fasterxml.jackson.core:jackson-databind:2.6.4 -> 2.8.0
|         |    |         +--- com.fasterxml.jackson.core:jackson-annotations:2.8.0
|         |    |         \--- com.fasterxml.jackson.core:jackson-core:2.8.0
|         |    +--- com.fasterxml.jackson.core:jackson-core:2.6.4 -> 2.8.0
|         |    +--- com.fasterxml.jackson.core:jackson-databind:2.6.4 -> 2.8.0 (*)
|         |    \--- com.fasterxml.jackson.module:jackson-module-jaxb-annotations:2.6.4 -> 2.8.0
|         |         +--- com.fasterxml.jackson.core:jackson-core:2.8.0
|         |         +--- com.fasterxml.jackson.core:jackson-annotations:2.8.0
|         |         \--- com.fasterxml.jackson.core:jackson-databind:2.8.0 (*)
|         +--- org.glassfish.jersey.connectors:jersey-apache-connector:2.23.1
|         |    +--- org.apache.httpcomponents:httpclient:4.5 -> 4.5.2
|         |    |    +--- org.apache.httpcomponents:httpcore:4.4.4 -> 4.4.5
|         |    |    +--- commons-logging:commons-logging:1.2
|         |    |    \--- commons-codec:commons-codec:1.9 -> 1.10
|         |    +--- org.glassfish.jersey.core:jersey-common:2.23.1
|         |    |    +--- javax.ws.rs:javax.ws.rs-api:2.0.1
|         |    |    +--- javax.annotation:javax.annotation-api:1.2
|         |    |    +--- org.glassfish.jersey.bundles.repackaged:jersey-guava:2.23.1
|         |    |    +--- org.glassfish.hk2:hk2-api:2.4.0-b34
|         |    |    |    +--- javax.inject:javax.inject:1
|         |    |    |    +--- org.glassfish.hk2:hk2-utils:2.4.0-b34
|         |    |    |    |    \--- javax.inject:javax.inject:1
|         |    |    |    \--- org.glassfish.hk2.external:aopalliance-repackaged:2.4.0-b34
|         |    |    +--- org.glassfish.hk2.external:javax.inject:2.4.0-b34
|         |    |    +--- org.glassfish.hk2:hk2-locator:2.4.0-b34
|         |    |    |    +--- org.glassfish.hk2.external:javax.inject:2.4.0-b34
|         |    |    |    +--- org.glassfish.hk2.external:aopalliance-repackaged:2.4.0-b34
|         |    |    |    +--- org.glassfish.hk2:hk2-api:2.4.0-b34 (*)
|         |    |    |    +--- org.glassfish.hk2:hk2-utils:2.4.0-b34 (*)
|         |    |    |    \--- org.javassist:javassist:3.18.1-GA
|         |    |    \--- org.glassfish.hk2:osgi-resource-locator:1.0.1
|         |    +--- org.glassfish.jersey.core:jersey-client:2.23.1
|         |    |    +--- javax.ws.rs:javax.ws.rs-api:2.0.1
|         |    |    +--- org.glassfish.jersey.core:jersey-common:2.23.1 (*)
|         |    |    +--- org.glassfish.hk2:hk2-api:2.4.0-b34 (*)
|         |    |    +--- org.glassfish.hk2.external:javax.inject:2.4.0-b34
|         |    |    \--- org.glassfish.hk2:hk2-locator:2.4.0-b34 (*)
|         |    \--- javax.ws.rs:javax.ws.rs-api:2.0.1
|         +--- org.apache.httpcomponents:httpcore:4.4.5
|         +--- org.apache.httpcomponents:httpclient:4.5 -> 4.5.2 (*)
|         +--- org.glassfish.jersey.core:jersey-client:2.23.1 (*)
|         +--- com.kohlschutter.junixsocket:junixsocket-common:2.0.4
|         |    \--- log4j:log4j:1.2.17
|         +--- com.kohlschutter.junixsocket:junixsocket-native-common:2.0.4
|         |    +--- com.kohlschutter.junixsocket:junixsocket-common:2.0.4 (*)
|         |    +--- org.scijava:native-lib-loader:2.0.2
|         |    \--- log4j:log4j:1.2.17
|         +--- org.apache.commons:commons-compress:1.12
|         +--- commons-codec:commons-codec:1.10
|         +--- commons-lang:commons-lang:2.6
|         +--- commons-io:commons-io:2.5
|         +--- org.slf4j:slf4j-api:1.7.21
|         +--- org.slf4j:jcl-over-slf4j:1.7.21
|         |    \--- org.slf4j:slf4j-api:1.7.21
|         +--- com.google.guava:guava:19.0
|         +--- org.bouncycastle:bcpkix-jdk15on:1.54
|         |    \--- org.bouncycastle:bcprov-jdk15on:1.54
|         +--- io.netty:netty-codec-http:4.1.3.Final
|         |    \--- io.netty:netty-codec:4.1.3.Final
|         |         \--- io.netty:netty-transport:4.1.3.Final
|         |              +--- io.netty:netty-buffer:4.1.3.Final
|         |              |    \--- io.netty:netty-common:4.1.3.Final
|         |              \--- io.netty:netty-resolver:4.1.3.Final
|         |                   \--- io.netty:netty-common:4.1.3.Final
|         +--- io.netty:netty-handler:4.1.3.Final
|         |    +--- io.netty:netty-buffer:4.1.3.Final (*)
|         |    +--- io.netty:netty-transport:4.1.3.Final (*)
|         |    \--- io.netty:netty-codec:4.1.3.Final (*)
|         +--- io.netty:netty-handler-proxy:4.1.3.Final
|         |    +--- io.netty:netty-transport:4.1.3.Final (*)
|         |    +--- io.netty:netty-codec-socks:4.1.3.Final
|         |    |    \--- io.netty:netty-codec:4.1.3.Final (*)
|         |    \--- io.netty:netty-codec-http:4.1.3.Final (*)
|         \--- io.netty:netty-transport-native-epoll:4.1.3.Final
|              +--- io.netty:netty-common:4.1.3.Final
|              +--- io.netty:netty-buffer:4.1.3.Final (*)
|              \--- io.netty:netty-transport:4.1.3.Final (*)
+--- me.gking2224:BuildToolsGradlePlugin:0.2.+ -> 0.2.5
|    +--- com.jcraft:jsch:0.1.51 -> 0.1.53
|    +--- org.eclipse.jgit:org.eclipse.jgit:4.4.0.201606070830-r
|    |    +--- com.jcraft:jsch:0.1.53
|    |    +--- com.googlecode.javaewah:JavaEWAH:0.7.9
|    |    +--- org.apache.httpcomponents:httpclient:4.3.6 -> 4.5.2 (*)
|    |    \--- org.slf4j:slf4j-api:1.7.2 -> 1.7.21
|    +--- org.codehaus.groovy:groovy-templates:2.4.7
|    |    +--- org.codehaus.groovy:groovy-xml:2.4.7
|    |    |    \--- org.codehaus.groovy:groovy:2.4.7
|    |    \--- org.codehaus.groovy:groovy:2.4.7
|    +--- org.eclipse.jgit:org.eclipse.jgit.junit:4.4.0.201606070830-r
|    |    \--- org.eclipse.jgit:org.eclipse.jgit:4.4.0.201606070830-r (*)
|    \--- me.gking2224:gk-utils:0.0.4
|         +--- org.springframework:spring-context-support:4.3.1.RELEASE
|         |    +--- org.springframework:spring-beans:4.3.1.RELEASE
|         |    |    \--- org.springframework:spring-core:4.3.1.RELEASE
|         |    +--- org.springframework:spring-context:4.3.1.RELEASE
|         |    |    +--- org.springframework:spring-aop:4.3.1.RELEASE
|         |    |    |    +--- org.springframework:spring-beans:4.3.1.RELEASE (*)
|         |    |    |    \--- org.springframework:spring-core:4.3.1.RELEASE
|         |    |    +--- org.springframework:spring-beans:4.3.1.RELEASE (*)
|         |    |    +--- org.springframework:spring-core:4.3.1.RELEASE
|         |    |    \--- org.springframework:spring-expression:4.3.1.RELEASE
|         |    |         \--- org.springframework:spring-core:4.3.1.RELEASE
|         |    \--- org.springframework:spring-core:4.3.1.RELEASE
|         +--- org.springframework:spring-web:4.3.1.RELEASE
|         |    +--- org.springframework:spring-aop:4.3.1.RELEASE (*)
|         |    +--- org.springframework:spring-beans:4.3.1.RELEASE (*)
|         |    +--- org.springframework:spring-context:4.3.1.RELEASE (*)
|         |    \--- org.springframework:spring-core:4.3.1.RELEASE
|         +--- javax.servlet:javax.servlet-api:3.1.0
|         +--- com.fasterxml.jackson.core:jackson-databind:2.8.0 (*)
|         +--- com.fasterxml.jackson.dataformat:jackson-dataformat-xml:2.8.0
|         |    +--- com.fasterxml.jackson.core:jackson-core:2.8.0
|         |    +--- com.fasterxml.jackson.core:jackson-annotations:2.8.0
|         |    +--- com.fasterxml.jackson.core:jackson-databind:2.8.0 (*)
|         |    +--- com.fasterxml.jackson.module:jackson-module-jaxb-annotations:2.8.0 (*)
|         |    +--- org.codehaus.woodstox:stax2-api:3.1.4
|         |    \--- com.fasterxml.woodstox:woodstox-core:5.0.2
|         |         \--- org.codehaus.woodstox:stax2-api:3.1.4
|         +--- com.jayway.jsonpath:json-path:2.2.0
|         |    +--- net.minidev:json-smart:2.2.1
|         |    |    \--- net.minidev:accessors-smart:1.1
|         |    |         \--- org.ow2.asm:asm:5.0.3
|         |    \--- org.slf4j:slf4j-api:1.7.16 -> 1.7.21
|         +--- commons-lang:commons-lang:2.4 -> 2.6
|         +--- commons-io:commons-io:2.5
|         +--- commons-beanutils:commons-beanutils:1.9.3
|         |    \--- commons-collections:commons-collections:3.2.2
|         +--- junit:junit:4.12
|         |    \--- org.hamcrest:hamcrest-core:1.3
|         +--- org.springframework:spring-test:4.3.1.RELEASE
|         |    \--- org.springframework:spring-core:4.3.1.RELEASE
|         \--- org.slf4j:slf4j-api:1.7.21
+--- me.gking2224:AmazonAWSGradlePlugin:0.1.+ -> 0.1.9
|    +--- com.amazonaws:aws-java-sdk-ec2:1.11.48
|    |    +--- com.amazonaws:aws-java-sdk-core:1.11.48
|    |    |    +--- commons-logging:commons-logging:1.1.3 -> 1.2
|    |    |    +--- org.apache.httpcomponents:httpclient:4.5.2 (*)
|    |    |    +--- software.amazon.ion:ion-java:1.0.1
|    |    |    +--- com.fasterxml.jackson.core:jackson-databind:2.6.6 -> 2.8.0 (*)
|    |    |    +--- com.fasterxml.jackson.dataformat:jackson-dataformat-cbor:2.6.6
|    |    |    |    \--- com.fasterxml.jackson.core:jackson-core:2.6.6 -> 2.8.0
|    |    |    \--- joda-time:joda-time:2.8.1
|    |    \--- com.amazonaws:jmespath-java:1.0
|    |         \--- com.fasterxml.jackson.core:jackson-databind:2.6.6 -> 2.8.0 (*)
|    +--- com.amazonaws:aws-java-sdk-iam:1.11.48
|    |    +--- com.amazonaws:aws-java-sdk-core:1.11.48 (*)
|    |    \--- com.amazonaws:jmespath-java:1.0 (*)
|    +--- com.amazonaws:aws-java-sdk-ecs:1.11.48
|    |    +--- com.amazonaws:aws-java-sdk-core:1.11.48 (*)
|    |    \--- com.amazonaws:jmespath-java:1.0 (*)
|    +--- com.amazonaws:aws-java-sdk-ecr:1.11.48
|    |    +--- com.amazonaws:aws-java-sdk-core:1.11.48 (*)
|    |    \--- com.amazonaws:jmespath-java:1.0 (*)
|    \--- com.amazonaws:aws-java-sdk-elasticloadbalancing:1.11.48
|         +--- com.amazonaws:aws-java-sdk-core:1.11.48 (*)
|         \--- com.amazonaws:jmespath-java:1.0 (*)
+--- me.gking2224:DockerPlugin:0.0.+ -> 0.0.2
|    \--- com.github.docker-java:docker-java:3.0.6 (*)
+--- com.github.docker-java:docker-java:3.0.6 (*)
+--- junit:junit:4.11 -> 4.12 (*)
\--- me.gking2224:BuildToolsGradlePlugin:0.1.8 -> 0.2.5 (*)

(*) - dependencies omitted (listed previously)

BUILD SUCCESSFUL

Total time: 1.004 secs
